2023-09-01 17:17:57,936 [INFO] Activator:178 - 


2023-09-01 17:17:57,940 [INFO] Activator:179 - !SESSION log4j initialized
2023-09-01 17:18:39,123 [INFO] ApplicationProperties:181 - Using Application install path: C:\ST\STM32CubeIDE_1.4.0\STM32CubeIDE\plugins\com.st.stm32cube.common.mx_6.0.0.202007160824
2023-09-01 17:18:39,137 [INFO] DbMcusXml:70 - Set database path to: C:\ST\STM32CubeIDE_1.4.0\STM32CubeIDE\plugins\com.st.stm32cube.common.mx_6.0.0.202007160824\\db\/mcu/
2023-09-01 17:18:39,141 [INFO] DbBoardsPdsc:56 - Set plugin database path to: C:\ST\STM32CubeIDE_1.4.0\STM32CubeIDE\plugins\com.st.stm32cube.common.mx_6.0.0.202007160824\\db\/plugins/boardmanager/
2023-09-01 17:18:39,142 [INFO] DbMcus:258 - Set plugin images path to: C:\ST\STM32CubeIDE_1.4.0\STM32CubeIDE\plugins\com.st.stm32cube.common.mx_6.0.0.202007160824\\db\/plugins/mcufinder/images/
2023-09-01 17:18:39,144 [INFO] DbBoards:264 - Set plugin images path to: C:\ST\STM32CubeIDE_1.4.0\STM32CubeIDE\plugins\com.st.stm32cube.common.mx_6.0.0.202007160824\\db\/plugins/mcufinder/images/
2023-09-01 17:18:39,146 [INFO] DbExamples:326 - Set plugin images path to: C:\ST\STM32CubeIDE_1.4.0\STM32CubeIDE\plugins\com.st.stm32cube.common.mx_6.0.0.202007160824\\db\/plugins/mcufinder/images/
2023-09-01 17:18:40,521 [WARN] ApiFinderProperties:99 - C:\Users\Ahmed\.stmcufinder\plugins\mcufinder\mcu\mcuFinder.mfd doesn't exist
2023-09-01 17:18:40,524 [INFO] DbMcusDocs:112 - Set database path to: C:\Users\Ahmed\.stmcufinder\plugins\mcufinder//mcu/
2023-09-01 17:18:40,526 [INFO] DbMcusJson:63 - Set database path to: C:\Users\Ahmed\.stmcufinder\plugins\mcufinder//mcu/
2023-09-01 17:18:40,527 [INFO] DbBoardsDocs:112 - Set database path to: C:\Users\Ahmed\.stmcufinder\plugins\mcufinder//mcu/
2023-09-01 17:18:40,529 [INFO] DbBoardsJson:56 - Set database path to: C:\Users\Ahmed\.stmcufinder\plugins\mcufinder//mcu/
2023-09-01 17:18:40,716 [INFO] CrossReferenceDbSqlite:196 - Set database path to: C:\Users\Ahmed\.stmcufinder\plugins\mcufinder//mcu/cs/
2023-09-01 17:18:40,720 [INFO] DbExamplesSqlite:800 - Set database path to: C:\Users\Ahmed\.stmcufinder\plugins\mcufinder//mcu/
2023-09-01 17:18:40,842 [INFO] RulesReader:52 - Compatibility file has been processed (209 Rules)
2023-09-01 17:18:40,940 [INFO] MicroXplorer:564 - Detected Java Version = 1.8.0_252
2023-09-01 17:18:40,940 [INFO] DbMcusXml:70 - Set database path to: C:\ST\STM32CubeIDE_1.4.0\STM32CubeIDE\plugins\com.st.stm32cube.common.mx_6.0.0.202007160824\\db\/mcu/
2023-09-01 17:18:40,941 [INFO] DbBoardsPdsc:56 - Set plugin database path to: C:\ST\STM32CubeIDE_1.4.0\STM32CubeIDE\plugins\com.st.stm32cube.common.mx_6.0.0.202007160824\\db\/plugins/boardmanager/
2023-09-01 17:18:40,941 [INFO] DbMcus:258 - Set plugin images path to: C:\ST\STM32CubeIDE_1.4.0\STM32CubeIDE\plugins\com.st.stm32cube.common.mx_6.0.0.202007160824\\db\/plugins/mcufinder/images/
2023-09-01 17:18:40,941 [INFO] DbBoards:264 - Set plugin images path to: C:\ST\STM32CubeIDE_1.4.0\STM32CubeIDE\plugins\com.st.stm32cube.common.mx_6.0.0.202007160824\\db\/plugins/mcufinder/images/
2023-09-01 17:18:40,941 [INFO] DbExamples:326 - Set plugin images path to: C:\ST\STM32CubeIDE_1.4.0\STM32CubeIDE\plugins\com.st.stm32cube.common.mx_6.0.0.202007160824\\db\/plugins/mcufinder/images/
2023-09-01 17:18:40,942 [WARN] DbFile:36 - Overriding database path with different value: C:\Users\Ahmed\.stmcufinder\plugins\mcufinder/ => C:\Users\Ahmed\.stmcufinder\plugins\mcufinder
2023-09-01 17:18:40,942 [INFO] DbMcusDocs:112 - Set database path to: C:\Users\Ahmed\.stmcufinder\plugins\mcufinder//mcu/
2023-09-01 17:18:40,942 [WARN] DbFile:36 - Overriding database path with different value: C:\Users\Ahmed\.stmcufinder\plugins\mcufinder/ => C:\Users\Ahmed\.stmcufinder\plugins\mcufinder
2023-09-01 17:18:40,942 [INFO] DbMcusJson:63 - Set database path to: C:\Users\Ahmed\.stmcufinder\plugins\mcufinder//mcu/
2023-09-01 17:18:40,942 [WARN] DbFile:36 - Overriding database path with different value: C:\Users\Ahmed\.stmcufinder\plugins\mcufinder/ => C:\Users\Ahmed\.stmcufinder\plugins\mcufinder
2023-09-01 17:18:40,942 [INFO] DbBoardsDocs:112 - Set database path to: C:\Users\Ahmed\.stmcufinder\plugins\mcufinder//mcu/
2023-09-01 17:18:40,942 [WARN] DbFile:36 - Overriding database path with different value: C:\Users\Ahmed\.stmcufinder\plugins\mcufinder/ => C:\Users\Ahmed\.stmcufinder\plugins\mcufinder
2023-09-01 17:18:40,943 [INFO] DbBoardsJson:56 - Set database path to: C:\Users\Ahmed\.stmcufinder\plugins\mcufinder//mcu/
2023-09-01 17:18:40,943 [WARN] DbFile:36 - Overriding database path with different value: C:\Users\Ahmed\.stmcufinder\plugins\mcufinder/ => C:\Users\Ahmed\.stmcufinder\plugins\mcufinder
2023-09-01 17:18:40,943 [WARN] DbFile:36 - Overriding database path with different value: C:\Users\Ahmed\.stmcufinder\plugins\mcufinder/ => C:\Users\Ahmed\.stmcufinder\plugins\mcufinder
2023-09-01 17:18:40,943 [INFO] CrossReferenceDbSqlite:196 - Set database path to: C:\Users\Ahmed\.stmcufinder\plugins\mcufinder//mcu/cs/
2023-09-01 17:18:40,943 [WARN] DbFile:36 - Overriding database path with different value: C:\Users\Ahmed\.stmcufinder\plugins\mcufinder/ => C:\Users\Ahmed\.stmcufinder\plugins\mcufinder
2023-09-01 17:18:40,943 [INFO] DbExamplesSqlite:800 - Set database path to: C:\Users\Ahmed\.stmcufinder\plugins\mcufinder//mcu/
2023-09-01 17:18:41,022 [INFO] MainPanel:189 - HeapMemory: 382730240
2023-09-01 17:18:41,120 [INFO] DbMcusXml:70 - Set database path to: C:\ST\STM32CubeIDE_1.4.0\STM32CubeIDE\plugins\com.st.stm32cube.common.mx_6.0.0.202007160824\\db\/mcu/
2023-09-01 17:18:41,121 [INFO] DbBoardsPdsc:56 - Set plugin database path to: C:\ST\STM32CubeIDE_1.4.0\STM32CubeIDE\plugins\com.st.stm32cube.common.mx_6.0.0.202007160824\\db\/plugins/boardmanager/
2023-09-01 17:18:41,121 [INFO] DbMcus:258 - Set plugin images path to: C:\ST\STM32CubeIDE_1.4.0\STM32CubeIDE\plugins\com.st.stm32cube.common.mx_6.0.0.202007160824\\db\/plugins/mcufinder/images/
2023-09-01 17:18:41,121 [INFO] DbBoards:264 - Set plugin images path to: C:\ST\STM32CubeIDE_1.4.0\STM32CubeIDE\plugins\com.st.stm32cube.common.mx_6.0.0.202007160824\\db\/plugins/mcufinder/images/
2023-09-01 17:18:41,121 [INFO] DbExamples:326 - Set plugin images path to: C:\ST\STM32CubeIDE_1.4.0\STM32CubeIDE\plugins\com.st.stm32cube.common.mx_6.0.0.202007160824\\db\/plugins/mcufinder/images/
2023-09-01 17:18:41,122 [WARN] DbFile:36 - Overriding database path with different value: C:\Users\Ahmed\.stmcufinder\plugins\mcufinder/ => C:\Users\Ahmed\.stmcufinder\plugins\mcufinder
2023-09-01 17:18:41,122 [INFO] DbMcusDocs:112 - Set database path to: C:\Users\Ahmed\.stmcufinder\plugins\mcufinder//mcu/
2023-09-01 17:18:41,122 [WARN] DbFile:36 - Overriding database path with different value: C:\Users\Ahmed\.stmcufinder\plugins\mcufinder/ => C:\Users\Ahmed\.stmcufinder\plugins\mcufinder
2023-09-01 17:18:41,122 [INFO] DbMcusJson:63 - Set database path to: C:\Users\Ahmed\.stmcufinder\plugins\mcufinder//mcu/
2023-09-01 17:18:41,122 [WARN] DbFile:36 - Overriding database path with different value: C:\Users\Ahmed\.stmcufinder\plugins\mcufinder/ => C:\Users\Ahmed\.stmcufinder\plugins\mcufinder
2023-09-01 17:18:41,122 [INFO] DbBoardsDocs:112 - Set database path to: C:\Users\Ahmed\.stmcufinder\plugins\mcufinder//mcu/
2023-09-01 17:18:41,122 [WARN] DbFile:36 - Overriding database path with different value: C:\Users\Ahmed\.stmcufinder\plugins\mcufinder/ => C:\Users\Ahmed\.stmcufinder\plugins\mcufinder
2023-09-01 17:18:41,123 [INFO] DbBoardsJson:56 - Set database path to: C:\Users\Ahmed\.stmcufinder\plugins\mcufinder//mcu/
2023-09-01 17:18:41,123 [WARN] DbFile:36 - Overriding database path with different value: C:\Users\Ahmed\.stmcufinder\plugins\mcufinder/ => C:\Users\Ahmed\.stmcufinder\plugins\mcufinder
2023-09-01 17:18:41,123 [WARN] DbFile:36 - Overriding database path with different value: C:\Users\Ahmed\.stmcufinder\plugins\mcufinder/ => C:\Users\Ahmed\.stmcufinder\plugins\mcufinder
2023-09-01 17:18:41,123 [INFO] CrossReferenceDbSqlite:196 - Set database path to: C:\Users\Ahmed\.stmcufinder\plugins\mcufinder//mcu/cs/
2023-09-01 17:18:41,123 [WARN] DbFile:36 - Overriding database path with different value: C:\Users\Ahmed\.stmcufinder\plugins\mcufinder/ => C:\Users\Ahmed\.stmcufinder\plugins\mcufinder
2023-09-01 17:18:41,123 [INFO] DbExamplesSqlite:800 - Set database path to: C:\Users\Ahmed\.stmcufinder\plugins\mcufinder//mcu/
2023-09-01 17:18:41,146 [INFO] ApplicationProperties:181 - Using Application install path: C:\ST\STM32CubeIDE_1.4.0\STM32CubeIDE\plugins\com.st.stm32cube.common.mx_6.0.0.202007160824
2023-09-01 17:18:41,148 [INFO] PluginManage:178 - Search for loadable plugins [exclusion list=, ]
2023-09-01 17:18:41,149 [INFO] PluginManage:292 - Check plugin analytics
2023-09-01 17:18:41,453 [INFO] AnalyticsPlugin:203 - Accepted Software Licenses: 
2023-09-01 17:18:41,453 [INFO] AnalyticsPlugin:205 - Accepted CMSIS Pack Licenses: 
2023-09-01 17:18:41,453 [INFO] AnalyticsPlugin:207 - Accepted Firmware Licenses: 
2023-09-01 17:18:41,454 [INFO] PluginManage:342 - Loaded plugin analytics (category:tool,tabindex:-1)
2023-09-01 17:18:41,454 [INFO] PluginManage:292 - Check plugin clock
2023-09-01 17:18:41,480 [INFO] PluginManage:342 - Loaded plugin clock (category:base,tabindex:2)
2023-09-01 17:18:41,480 [INFO] PluginManage:292 - Check plugin ddr
2023-09-01 17:18:41,483 [INFO] PluginManage:342 - Loaded plugin ddr (category:tool,tabindex:6)
2023-09-01 17:18:41,483 [INFO] PluginManage:292 - Check plugin filemanager
2023-09-01 17:18:41,677 [INFO] PluginManage:342 - Loaded plugin filemanager (category:base,tabindex:10)
2023-09-01 17:18:41,678 [INFO] PluginManage:292 - Check plugin ipmanager
2023-09-01 17:18:41,687 [INFO] PluginManage:342 - Loaded plugin ipmanager (category:base,tabindex:5)
2023-09-01 17:18:41,687 [INFO] PluginManage:292 - Check plugin pinoutandconfiguration
2023-09-01 17:18:41,709 [INFO] PluginManage:342 - Loaded plugin pinoutandconfiguration (category:base,tabindex:1)
2023-09-01 17:18:41,709 [INFO] PluginManage:292 - Check plugin pinoutconfig
2023-09-01 17:18:41,751 [INFO] PluginManage:342 - Loaded plugin pinoutconfig (category:base,tabindex:0)
2023-09-01 17:18:41,751 [INFO] PluginManage:292 - Check plugin power
2023-09-01 17:18:41,776 [INFO] PluginManage:342 - Loaded plugin power (category:power,tabindex:4)
2023-09-01 17:18:41,776 [INFO] PluginManage:292 - Check plugin projectmanager
2023-09-01 17:18:41,796 [INFO] PluginManage:342 - Loaded plugin projectmanager (category:projectmanager,tabindex:3)
2023-09-01 17:18:41,796 [INFO] PluginManage:292 - Check plugin thirdparty
2023-09-01 17:18:41,839 [INFO] ThirdPartyDb:333 - Open Third Party DataBase File (C:/Users/Ahmed/.stm32cubemx/plugins/thirdparty/db/thirdparties_db.xml) : 0 ms. number of Sw pack : 0
2023-09-01 17:18:41,844 [INFO] PluginManage:342 - Loaded plugin thirdparty (category:base,tabindex:-1)
2023-09-01 17:18:41,844 [INFO] PluginManage:292 - Check plugin tools
2023-09-01 17:18:41,916 [INFO] PluginManage:342 - Loaded plugin tools (category:base,tabindex:7)
2023-09-01 17:18:41,917 [INFO] PluginManage:292 - Check plugin tutovideos
2023-09-01 17:18:42,171 [INFO] PluginManage:342 - Loaded plugin tutovideos (category:base,tabindex:-1)
2023-09-01 17:18:42,171 [INFO] PluginManage:292 - Check plugin updater
2023-09-01 17:18:42,185 [INFO] PluginManage:342 - Loaded plugin updater (category:base,tabindex:12)
2023-09-01 17:18:42,186 [INFO] PluginManage:265 - PluginManage : Loaded plugins [13]
2023-09-01 17:18:42,401 [INFO] PinOutPanel:1418 - setPackage(No Configuration,No Configuration)
2023-09-01 17:18:42,511 [INFO] IPUIPlugin:64 - create IPUIPlugin
2023-09-01 17:18:42,511 [INFO] PluginManager:200 - loadIPPluginJar : add adc
2023-09-01 17:18:42,562 [INFO] IPUIPlugin:64 - create IPUIPlugin
2023-09-01 17:18:42,562 [INFO] PluginManager:200 - loadIPPluginJar : add aes
2023-09-01 17:18:42,620 [INFO] IPUIPlugin:64 - create IPUIPlugin
2023-09-01 17:18:42,621 [INFO] PluginManager:200 - loadIPPluginJar : add can
2023-09-01 17:18:42,659 [INFO] IPUIPlugin:64 - create IPUIPlugin
2023-09-01 17:18:42,659 [INFO] PluginManager:200 - loadIPPluginJar : add comp
2023-09-01 17:18:42,716 [INFO] IPUIPlugin:64 - create IPUIPlugin
2023-09-01 17:18:42,716 [INFO] PluginManager:200 - loadIPPluginJar : add cryp
2023-09-01 17:18:42,769 [INFO] IPUIPlugin:64 - create IPUIPlugin
2023-09-01 17:18:42,769 [INFO] PluginManager:200 - loadIPPluginJar : add dfsdm
2023-09-01 17:18:42,785 [INFO] IPUIPlugin:64 - create IPUIPlugin
2023-09-01 17:18:42,785 [INFO] PluginManager:200 - loadIPPluginJar : add dma
2023-09-01 17:18:42,819 [INFO] IPUIPlugin:64 - create IPUIPlugin
2023-09-01 17:18:42,819 [INFO] PluginManager:200 - loadIPPluginJar : add fatfs
2023-09-01 17:18:42,882 [INFO] IPUIPlugin:64 - create IPUIPlugin
2023-09-01 17:18:42,882 [INFO] PluginManager:200 - loadIPPluginJar : add fmc
2023-09-01 17:18:42,899 [INFO] IPUIPlugin:64 - create IPUIPlugin
2023-09-01 17:18:42,899 [INFO] PluginManager:200 - loadIPPluginJar : add freertos
2023-09-01 17:18:42,952 [INFO] IPUIPlugin:64 - create IPUIPlugin
2023-09-01 17:18:42,952 [INFO] PluginManager:200 - loadIPPluginJar : add genericplugin
2023-09-01 17:18:43,067 [INFO] IPUIPlugin:64 - create IPUIPlugin
2023-09-01 17:18:43,067 [INFO] PluginManager:200 - loadIPPluginJar : add gfxmmu
2023-09-01 17:18:43,222 [INFO] IPUIPlugin:64 - create IPUIPlugin
2023-09-01 17:18:43,222 [INFO] PluginManager:200 - loadIPPluginJar : add gic
2023-09-01 17:18:43,236 [INFO] IPUIPlugin:64 - create IPUIPlugin
2023-09-01 17:18:43,237 [INFO] PluginManager:200 - loadIPPluginJar : add gpio
2023-09-01 17:18:43,334 [INFO] IPUIPlugin:64 - create IPUIPlugin
2023-09-01 17:18:43,334 [INFO] PluginManager:200 - loadIPPluginJar : add gtzc
2023-09-01 17:18:43,398 [INFO] IPUIPlugin:64 - create IPUIPlugin
2023-09-01 17:18:43,398 [INFO] PluginManager:200 - loadIPPluginJar : add hash
2023-09-01 17:18:43,487 [INFO] IPUIPlugin:64 - create IPUIPlugin
2023-09-01 17:18:43,487 [INFO] PluginManager:200 - loadIPPluginJar : add i2c
2023-09-01 17:18:43,544 [INFO] IPUIPlugin:64 - create IPUIPlugin
2023-09-01 17:18:43,544 [INFO] PluginManager:200 - loadIPPluginJar : add i2s
2023-09-01 17:18:43,581 [INFO] IPUIPlugin:64 - create IPUIPlugin
2023-09-01 17:18:43,581 [INFO] PluginManager:200 - loadIPPluginJar : add ipddr
2023-09-01 17:18:43,630 [INFO] IPUIPlugin:64 - create IPUIPlugin
2023-09-01 17:18:43,630 [INFO] PluginManager:200 - loadIPPluginJar : add ltdc
2023-09-01 17:18:43,644 [INFO] IPUIPlugin:64 - create IPUIPlugin
2023-09-01 17:18:43,645 [INFO] PluginManager:200 - loadIPPluginJar : add mdma
2023-09-01 17:18:43,657 [INFO] IPUIPlugin:64 - create IPUIPlugin
2023-09-01 17:18:43,658 [INFO] PluginManager:200 - loadIPPluginJar : add nvic
2023-09-01 17:18:43,704 [INFO] IPUIPlugin:64 - create IPUIPlugin
2023-09-01 17:18:43,704 [INFO] PluginManager:200 - loadIPPluginJar : add opamp
2023-09-01 17:18:43,784 [INFO] IPUIPlugin:64 - create IPUIPlugin
2023-09-01 17:18:43,784 [INFO] PluginManager:200 - loadIPPluginJar : add openamp
2023-09-01 17:18:43,843 [INFO] IPUIPlugin:64 - create IPUIPlugin
2023-09-01 17:18:43,843 [INFO] PluginManager:200 - loadIPPluginJar : add pdm2pcm
2023-09-01 17:18:43,859 [INFO] IPUIPlugin:64 - create IPUIPlugin
2023-09-01 17:18:43,862 [INFO] PluginManager:200 - loadIPPluginJar : add plateformsettings
2023-09-01 17:18:43,897 [INFO] IPUIPlugin:64 - create IPUIPlugin
2023-09-01 17:18:43,897 [INFO] PluginManager:200 - loadIPPluginJar : add quadspi
2023-09-01 17:18:43,912 [INFO] IPUIPlugin:64 - create IPUIPlugin
2023-09-01 17:18:43,912 [INFO] PluginManager:200 - loadIPPluginJar : add resmgrutility
2023-09-01 17:18:43,977 [INFO] IPUIPlugin:64 - create IPUIPlugin
2023-09-01 17:18:43,977 [INFO] PluginManager:200 - loadIPPluginJar : add sai
2023-09-01 17:18:44,171 [INFO] IPUIPlugin:64 - create IPUIPlugin
2023-09-01 17:18:44,171 [INFO] PluginManager:200 - loadIPPluginJar : add spi
2023-09-01 17:18:44,233 [INFO] IPUIPlugin:64 - create IPUIPlugin
2023-09-01 17:18:44,233 [INFO] PluginManager:200 - loadIPPluginJar : add stm32_wpan
2023-09-01 17:18:44,269 [INFO] IPUIPlugin:64 - create IPUIPlugin
2023-09-01 17:18:44,269 [INFO] PluginManager:200 - loadIPPluginJar : add tim
2023-09-01 17:18:44,348 [INFO] IPUIPlugin:64 - create IPUIPlugin
2023-09-01 17:18:44,349 [INFO] PluginManager:200 - loadIPPluginJar : add touchsensing
2023-09-01 17:18:44,383 [INFO] IPUIPlugin:64 - create IPUIPlugin
2023-09-01 17:18:44,384 [INFO] PluginManager:200 - loadIPPluginJar : add tracer_emb
2023-09-01 17:18:44,420 [INFO] IPUIPlugin:64 - create IPUIPlugin
2023-09-01 17:18:44,420 [INFO] PluginManager:200 - loadIPPluginJar : add ts
2023-09-01 17:18:44,454 [INFO] IPUIPlugin:64 - create IPUIPlugin
2023-09-01 17:18:44,454 [INFO] PluginManager:200 - loadIPPluginJar : add tsc
2023-09-01 17:18:44,488 [INFO] IPUIPlugin:64 - create IPUIPlugin
2023-09-01 17:18:44,488 [INFO] PluginManager:200 - loadIPPluginJar : add ucpd
2023-09-01 17:18:44,545 [INFO] IPUIPlugin:64 - create IPUIPlugin
2023-09-01 17:18:44,545 [INFO] PluginManager:200 - loadIPPluginJar : add usart
2023-09-01 17:18:45,828 [INFO] CubeProgrammer:457 - [DDR PANEL] - PathOfProgrammer: null
2023-09-01 17:18:46,628 [FATAL] Updater:282 - Updater called before beeing initialized
2023-09-01 17:18:46,848 [FATAL] Updater:282 - Updater called before beeing initialized
2023-09-01 17:18:46,848 [WARN] ThirdParty:775 - waiting for thirdparty lock release [close project]
2023-09-01 17:18:46,848 [INFO] ThirdParty:777 - entering critical section [close project]
2023-09-01 17:18:46,849 [INFO] ThirdParty:790 - exiting critical section [close project]
2023-09-01 17:18:46,852 [INFO] PinOutPanel:1418 - setPackage(No Configuration,No Configuration)
2023-09-01 17:18:46,853 [FATAL] Updater:282 - Updater called before beeing initialized
2023-09-01 17:18:46,865 [ERROR] Updater:967 - MainUpdater not yet initialized. External WinMGr cannot be set.
2023-09-01 17:18:46,867 [INFO] CubeProgrammer:457 - [DDR PANEL] - PathOfProgrammer: C:\ST\STM32CubeIDE_1.4.0\STM32CubeIDE\plugins\com.st.stm32cube.ide.mcu.externaltools.cubeprogrammer.win32_1.4.0.202007081208\tools\bin
2023-09-01 17:18:46,871 [INFO] ProgrammerExecThread:148 - [ProgrammerAPI] CubeProgrammer command construction: C:\ST\STM32CubeIDE_1.4.0\STM32CubeIDE\plugins\com.st.stm32cube.ide.mcu.externaltools.cubeprogrammer.win32_1.4.0.202007081208\tools\bin\STM32_Programmer_CLI.exe -l
2023-09-01 17:18:47,414 [INFO] MainDdrPanel:49 - [DDR PANEL] SETTER - Set cubeProgrammerPath to: C:\ST\STM32CubeIDE_1.4.0\STM32CubeIDE\plugins\com.st.stm32cube.ide.mcu.externaltools.cubeprogrammer.win32_1.4.0.202007081208\tools\bin
2023-09-01 17:18:47,525 [INFO] Updater:904 - Updater Version found : 6.0.0
2023-09-01 17:18:47,547 [INFO] ApplicationProperties:181 - Using Application install path: C:\ST\STM32CubeIDE_1.4.0\STM32CubeIDE\plugins\com.st.stm32cube.common.mx_6.0.0.202007160824
2023-09-01 17:18:47,580 [INFO] MainUpdater:463 - Copy updater definitions from MX database
2023-09-01 17:18:47,613 [INFO] MainUpdater:496 - Copy flag file definitions from MX database
2023-09-01 17:18:47,614 [INFO] MainUpdater:512 - Copy thirdparty index definitions from MX database
2023-09-01 17:18:47,617 [INFO] MainUpdater:531 - Copy default thirdparty db definitions from MX database
2023-09-01 17:18:48,205 [INFO] MainUpdater:2268 - connection check result : 10
2023-09-01 17:18:48,206 [INFO] MainUpdater:2935 - Updater definition file requires update
2023-09-01 17:18:48,207 [INFO] MainUpdater:239 - Updater Check For Update Now.
2023-09-01 17:18:48,207 [INFO] MicroXplorer:414 - Change Database Version : DB.6.0.0
2023-09-01 17:18:48,456 [INFO] ServerAccessManage:348 - Download File updaters.zip
2023-09-01 17:18:49,064 [INFO] FileExtend:225 - Unzip File : updaters.zip
2023-09-01 17:18:49,064 [INFO] FileExtend:240 - Standard Zip Deflate
2023-09-01 17:18:49,846 [INFO] ServerAccessManage:348 - Download File PacksControlFlags.xml
2023-09-01 17:18:50,070 [INFO] ServerAccessManage:348 - Download File cubemx.pidx
2023-09-01 17:18:50,402 [INFO] ServerAccessManage:348 - Download File STMicroelectronics.FP-ATR-ASTRA1.pdsc
2023-09-01 17:18:50,865 [WARN] IntegrityCheckThread:61 - waiting for thirdparty lock release [integrity check]
2023-09-01 17:18:50,865 [INFO] IntegrityCheckThread:63 - entering critical section [integrity check]
2023-09-01 17:18:50,866 [WARN] MainUpdater:1087 - Updater busy. Cannot search thirdparties
2023-09-01 17:18:50,991 [INFO] ServerAccessManage:348 - Download File STMicroelectronics.FP-ATR-SIGFOX1.pdsc
2023-09-01 17:18:51,285 [INFO] ServerAccessManage:348 - Download File STMicroelectronics.FP-SNS-FLIGHT1.pdsc
2023-09-01 17:18:51,859 [INFO] ServerAccessManage:348 - Download File STMicroelectronics.FP-SNS-MOTENV1.pdsc
2023-09-01 17:18:52,519 [INFO] ServerAccessManage:348 - Download File STMicroelectronics.X-CUBE-AI.pdsc
2023-09-01 17:18:53,867 [WARN] MainUpdater:1087 - Updater busy. Cannot search thirdparties
2023-09-01 17:18:55,665 [INFO] ServerAccessManage:348 - Download File STMicroelectronics.X-CUBE-ALS.pdsc
2023-09-01 17:18:56,116 [INFO] ServerAccessManage:348 - Download File STMicroelectronics.X-CUBE-BLE1.pdsc
2023-09-01 17:18:56,871 [WARN] MainUpdater:1087 - Updater busy. Cannot search thirdparties
2023-09-01 17:18:58,099 [ERROR] ServerAccessManage:947 - Problem, file not found on Server
2023-09-01 17:18:58,285 [INFO] ServerAccessManage:348 - Download File STMicroelectronics.X-CUBE-BLE2.pdsc
2023-09-01 17:19:18,324 [INFO] Activator:178 - 


2023-09-01 17:19:18,327 [INFO] Activator:179 - !SESSION log4j initialized
2023-09-01 17:19:31,769 [INFO] ApplicationProperties:181 - Using Application install path: C:\ST\STM32CubeIDE_1.4.0\STM32CubeIDE\plugins\com.st.stm32cube.common.mx_6.0.0.202007160824
2023-09-01 17:19:31,792 [INFO] DbMcusXml:70 - Set database path to: C:\ST\STM32CubeIDE_1.4.0\STM32CubeIDE\plugins\com.st.stm32cube.common.mx_6.0.0.202007160824\\db\/mcu/
2023-09-01 17:19:31,797 [INFO] DbBoardsPdsc:56 - Set plugin database path to: C:\ST\STM32CubeIDE_1.4.0\STM32CubeIDE\plugins\com.st.stm32cube.common.mx_6.0.0.202007160824\\db\/plugins/boardmanager/
2023-09-01 17:19:31,798 [INFO] DbMcus:258 - Set plugin images path to: C:\ST\STM32CubeIDE_1.4.0\STM32CubeIDE\plugins\com.st.stm32cube.common.mx_6.0.0.202007160824\\db\/plugins/mcufinder/images/
2023-09-01 17:19:31,798 [INFO] DbBoards:264 - Set plugin images path to: C:\ST\STM32CubeIDE_1.4.0\STM32CubeIDE\plugins\com.st.stm32cube.common.mx_6.0.0.202007160824\\db\/plugins/mcufinder/images/
2023-09-01 17:19:31,803 [INFO] DbExamples:326 - Set plugin images path to: C:\ST\STM32CubeIDE_1.4.0\STM32CubeIDE\plugins\com.st.stm32cube.common.mx_6.0.0.202007160824\\db\/plugins/mcufinder/images/
2023-09-01 17:19:31,810 [INFO] DbMcusDocs:112 - Set database path to: C:\Users\Ahmed\.stmcufinder\plugins\mcufinder//mcu/
2023-09-01 17:19:31,813 [INFO] DbMcusJson:63 - Set database path to: C:\Users\Ahmed\.stmcufinder\plugins\mcufinder//mcu/
2023-09-01 17:19:31,814 [INFO] DbBoardsDocs:112 - Set database path to: C:\Users\Ahmed\.stmcufinder\plugins\mcufinder//mcu/
2023-09-01 17:19:31,816 [INFO] DbBoardsJson:56 - Set database path to: C:\Users\Ahmed\.stmcufinder\plugins\mcufinder//mcu/
2023-09-01 17:19:31,848 [INFO] CrossReferenceDbSqlite:196 - Set database path to: C:\Users\Ahmed\.stmcufinder\plugins\mcufinder//mcu/cs/
2023-09-01 17:19:31,852 [INFO] DbExamplesSqlite:800 - Set database path to: C:\Users\Ahmed\.stmcufinder\plugins\mcufinder//mcu/
2023-09-01 17:19:31,968 [INFO] RulesReader:52 - Compatibility file has been processed (209 Rules)
2023-09-01 17:19:32,053 [INFO] MicroXplorer:564 - Detected Java Version = 1.8.0_252
2023-09-01 17:19:32,053 [INFO] DbMcusXml:70 - Set database path to: C:\ST\STM32CubeIDE_1.4.0\STM32CubeIDE\plugins\com.st.stm32cube.common.mx_6.0.0.202007160824\\db\/mcu/
2023-09-01 17:19:32,054 [INFO] DbBoardsPdsc:56 - Set plugin database path to: C:\ST\STM32CubeIDE_1.4.0\STM32CubeIDE\plugins\com.st.stm32cube.common.mx_6.0.0.202007160824\\db\/plugins/boardmanager/
2023-09-01 17:19:32,055 [INFO] DbMcus:258 - Set plugin images path to: C:\ST\STM32CubeIDE_1.4.0\STM32CubeIDE\plugins\com.st.stm32cube.common.mx_6.0.0.202007160824\\db\/plugins/mcufinder/images/
2023-09-01 17:19:32,056 [INFO] DbBoards:264 - Set plugin images path to: C:\ST\STM32CubeIDE_1.4.0\STM32CubeIDE\plugins\com.st.stm32cube.common.mx_6.0.0.202007160824\\db\/plugins/mcufinder/images/
2023-09-01 17:19:32,056 [INFO] DbExamples:326 - Set plugin images path to: C:\ST\STM32CubeIDE_1.4.0\STM32CubeIDE\plugins\com.st.stm32cube.common.mx_6.0.0.202007160824\\db\/plugins/mcufinder/images/
2023-09-01 17:19:32,056 [WARN] DbFile:36 - Overriding database path with different value: C:\Users\Ahmed\.stmcufinder\plugins\mcufinder/ => C:\Users\Ahmed\.stmcufinder\plugins\mcufinder
2023-09-01 17:19:32,057 [INFO] DbMcusDocs:112 - Set database path to: C:\Users\Ahmed\.stmcufinder\plugins\mcufinder//mcu/
2023-09-01 17:19:32,057 [WARN] DbFile:36 - Overriding database path with different value: C:\Users\Ahmed\.stmcufinder\plugins\mcufinder/ => C:\Users\Ahmed\.stmcufinder\plugins\mcufinder
2023-09-01 17:19:32,057 [INFO] DbMcusJson:63 - Set database path to: C:\Users\Ahmed\.stmcufinder\plugins\mcufinder//mcu/
2023-09-01 17:19:32,057 [WARN] DbFile:36 - Overriding database path with different value: C:\Users\Ahmed\.stmcufinder\plugins\mcufinder/ => C:\Users\Ahmed\.stmcufinder\plugins\mcufinder
2023-09-01 17:19:32,057 [INFO] DbBoardsDocs:112 - Set database path to: C:\Users\Ahmed\.stmcufinder\plugins\mcufinder//mcu/
2023-09-01 17:19:32,057 [WARN] DbFile:36 - Overriding database path with different value: C:\Users\Ahmed\.stmcufinder\plugins\mcufinder/ => C:\Users\Ahmed\.stmcufinder\plugins\mcufinder
2023-09-01 17:19:32,058 [INFO] DbBoardsJson:56 - Set database path to: C:\Users\Ahmed\.stmcufinder\plugins\mcufinder//mcu/
2023-09-01 17:19:32,058 [WARN] DbFile:36 - Overriding database path with different value: C:\Users\Ahmed\.stmcufinder\plugins\mcufinder/ => C:\Users\Ahmed\.stmcufinder\plugins\mcufinder
2023-09-01 17:19:32,058 [WARN] DbFile:36 - Overriding database path with different value: C:\Users\Ahmed\.stmcufinder\plugins\mcufinder/ => C:\Users\Ahmed\.stmcufinder\plugins\mcufinder
2023-09-01 17:19:32,058 [INFO] CrossReferenceDbSqlite:196 - Set database path to: C:\Users\Ahmed\.stmcufinder\plugins\mcufinder//mcu/cs/
2023-09-01 17:19:32,058 [WARN] DbFile:36 - Overriding database path with different value: C:\Users\Ahmed\.stmcufinder\plugins\mcufinder/ => C:\Users\Ahmed\.stmcufinder\plugins\mcufinder
2023-09-01 17:19:32,058 [INFO] DbExamplesSqlite:800 - Set database path to: C:\Users\Ahmed\.stmcufinder\plugins\mcufinder//mcu/
2023-09-01 17:19:32,125 [INFO] MainPanel:189 - HeapMemory: 310378496
2023-09-01 17:19:32,184 [INFO] DbMcusXml:70 - Set database path to: C:\ST\STM32CubeIDE_1.4.0\STM32CubeIDE\plugins\com.st.stm32cube.common.mx_6.0.0.202007160824\\db\/mcu/
2023-09-01 17:19:32,185 [INFO] DbBoardsPdsc:56 - Set plugin database path to: C:\ST\STM32CubeIDE_1.4.0\STM32CubeIDE\plugins\com.st.stm32cube.common.mx_6.0.0.202007160824\\db\/plugins/boardmanager/
2023-09-01 17:19:32,185 [INFO] DbMcus:258 - Set plugin images path to: C:\ST\STM32CubeIDE_1.4.0\STM32CubeIDE\plugins\com.st.stm32cube.common.mx_6.0.0.202007160824\\db\/plugins/mcufinder/images/
2023-09-01 17:19:32,185 [INFO] DbBoards:264 - Set plugin images path to: C:\ST\STM32CubeIDE_1.4.0\STM32CubeIDE\plugins\com.st.stm32cube.common.mx_6.0.0.202007160824\\db\/plugins/mcufinder/images/
2023-09-01 17:19:32,185 [INFO] DbExamples:326 - Set plugin images path to: C:\ST\STM32CubeIDE_1.4.0\STM32CubeIDE\plugins\com.st.stm32cube.common.mx_6.0.0.202007160824\\db\/plugins/mcufinder/images/
2023-09-01 17:19:32,185 [WARN] DbFile:36 - Overriding database path with different value: C:\Users\Ahmed\.stmcufinder\plugins\mcufinder/ => C:\Users\Ahmed\.stmcufinder\plugins\mcufinder
2023-09-01 17:19:32,186 [INFO] DbMcusDocs:112 - Set database path to: C:\Users\Ahmed\.stmcufinder\plugins\mcufinder//mcu/
2023-09-01 17:19:32,186 [WARN] DbFile:36 - Overriding database path with different value: C:\Users\Ahmed\.stmcufinder\plugins\mcufinder/ => C:\Users\Ahmed\.stmcufinder\plugins\mcufinder
2023-09-01 17:19:32,186 [INFO] DbMcusJson:63 - Set database path to: C:\Users\Ahmed\.stmcufinder\plugins\mcufinder//mcu/
2023-09-01 17:19:32,186 [WARN] DbFile:36 - Overriding database path with different value: C:\Users\Ahmed\.stmcufinder\plugins\mcufinder/ => C:\Users\Ahmed\.stmcufinder\plugins\mcufinder
2023-09-01 17:19:32,186 [INFO] DbBoardsDocs:112 - Set database path to: C:\Users\Ahmed\.stmcufinder\plugins\mcufinder//mcu/
2023-09-01 17:19:32,186 [WARN] DbFile:36 - Overriding database path with different value: C:\Users\Ahmed\.stmcufinder\plugins\mcufinder/ => C:\Users\Ahmed\.stmcufinder\plugins\mcufinder
2023-09-01 17:19:32,186 [INFO] DbBoardsJson:56 - Set database path to: C:\Users\Ahmed\.stmcufinder\plugins\mcufinder//mcu/
2023-09-01 17:19:32,186 [WARN] DbFile:36 - Overriding database path with different value: C:\Users\Ahmed\.stmcufinder\plugins\mcufinder/ => C:\Users\Ahmed\.stmcufinder\plugins\mcufinder
2023-09-01 17:19:32,187 [WARN] DbFile:36 - Overriding database path with different value: C:\Users\Ahmed\.stmcufinder\plugins\mcufinder/ => C:\Users\Ahmed\.stmcufinder\plugins\mcufinder
2023-09-01 17:19:32,187 [INFO] CrossReferenceDbSqlite:196 - Set database path to: C:\Users\Ahmed\.stmcufinder\plugins\mcufinder//mcu/cs/
2023-09-01 17:19:32,187 [WARN] DbFile:36 - Overriding database path with different value: C:\Users\Ahmed\.stmcufinder\plugins\mcufinder/ => C:\Users\Ahmed\.stmcufinder\plugins\mcufinder
2023-09-01 17:19:32,187 [INFO] DbExamplesSqlite:800 - Set database path to: C:\Users\Ahmed\.stmcufinder\plugins\mcufinder//mcu/
2023-09-01 17:19:32,226 [INFO] ApplicationProperties:181 - Using Application install path: C:\ST\STM32CubeIDE_1.4.0\STM32CubeIDE\plugins\com.st.stm32cube.common.mx_6.0.0.202007160824
2023-09-01 17:19:32,228 [INFO] PluginManage:178 - Search for loadable plugins [exclusion list=, ]
2023-09-01 17:19:32,231 [INFO] PluginManage:292 - Check plugin analytics
2023-09-01 17:19:32,474 [INFO] AnalyticsPlugin:203 - Accepted Software Licenses: 
2023-09-01 17:19:32,475 [INFO] AnalyticsPlugin:205 - Accepted CMSIS Pack Licenses: 
2023-09-01 17:19:32,475 [INFO] AnalyticsPlugin:207 - Accepted Firmware Licenses: 
2023-09-01 17:19:32,476 [INFO] PluginManage:342 - Loaded plugin analytics (category:tool,tabindex:-1)
2023-09-01 17:19:32,476 [INFO] PluginManage:292 - Check plugin clock
2023-09-01 17:19:32,488 [INFO] PluginManage:342 - Loaded plugin clock (category:base,tabindex:2)
2023-09-01 17:19:32,488 [INFO] PluginManage:292 - Check plugin ddr
2023-09-01 17:19:32,491 [INFO] PluginManage:342 - Loaded plugin ddr (category:tool,tabindex:6)
2023-09-01 17:19:32,491 [INFO] PluginManage:292 - Check plugin filemanager
2023-09-01 17:19:32,606 [INFO] PluginManage:342 - Loaded plugin filemanager (category:base,tabindex:10)
2023-09-01 17:19:32,606 [INFO] PluginManage:292 - Check plugin ipmanager
2023-09-01 17:19:32,615 [INFO] PluginManage:342 - Loaded plugin ipmanager (category:base,tabindex:5)
2023-09-01 17:19:32,615 [INFO] PluginManage:292 - Check plugin pinoutandconfiguration
2023-09-01 17:19:32,626 [INFO] PluginManage:342 - Loaded plugin pinoutandconfiguration (category:base,tabindex:1)
2023-09-01 17:19:32,626 [INFO] PluginManage:292 - Check plugin pinoutconfig
2023-09-01 17:19:32,660 [INFO] PluginManage:342 - Loaded plugin pinoutconfig (category:base,tabindex:0)
2023-09-01 17:19:32,661 [INFO] PluginManage:292 - Check plugin power
2023-09-01 17:19:32,671 [INFO] PluginManage:342 - Loaded plugin power (category:power,tabindex:4)
2023-09-01 17:19:32,671 [INFO] PluginManage:292 - Check plugin projectmanager
2023-09-01 17:19:32,693 [INFO] PluginManage:342 - Loaded plugin projectmanager (category:projectmanager,tabindex:3)
2023-09-01 17:19:32,693 [INFO] PluginManage:292 - Check plugin thirdparty
2023-09-01 17:19:32,720 [INFO] ThirdPartyDb:333 - Open Third Party DataBase File (C:/Users/Ahmed/.stm32cubemx/plugins/thirdparty/db/thirdparties_db.xml) : 0 ms. number of Sw pack : 0
2023-09-01 17:19:32,724 [INFO] PluginManage:342 - Loaded plugin thirdparty (category:base,tabindex:-1)
2023-09-01 17:19:32,725 [INFO] PluginManage:292 - Check plugin tools
2023-09-01 17:19:32,727 [INFO] PluginManage:342 - Loaded plugin tools (category:base,tabindex:7)
2023-09-01 17:19:32,727 [INFO] PluginManage:292 - Check plugin tutovideos
2023-09-01 17:19:32,930 [INFO] PluginManage:342 - Loaded plugin tutovideos (category:base,tabindex:-1)
2023-09-01 17:19:32,930 [INFO] PluginManage:292 - Check plugin updater
2023-09-01 17:19:32,943 [INFO] PluginManage:342 - Loaded plugin updater (category:base,tabindex:12)
2023-09-01 17:19:32,944 [INFO] PluginManage:265 - PluginManage : Loaded plugins [13]
2023-09-01 17:19:33,140 [INFO] PinOutPanel:1418 - setPackage(No Configuration,No Configuration)
2023-09-01 17:19:33,235 [INFO] IPUIPlugin:64 - create IPUIPlugin
2023-09-01 17:19:33,236 [INFO] PluginManager:200 - loadIPPluginJar : add adc
2023-09-01 17:19:33,238 [INFO] IPUIPlugin:64 - create IPUIPlugin
2023-09-01 17:19:33,238 [INFO] PluginManager:200 - loadIPPluginJar : add aes
2023-09-01 17:19:33,241 [INFO] IPUIPlugin:64 - create IPUIPlugin
2023-09-01 17:19:33,242 [INFO] PluginManager:200 - loadIPPluginJar : add can
2023-09-01 17:19:33,243 [INFO] IPUIPlugin:64 - create IPUIPlugin
2023-09-01 17:19:33,243 [INFO] PluginManager:200 - loadIPPluginJar : add comp
2023-09-01 17:19:33,246 [INFO] IPUIPlugin:64 - create IPUIPlugin
2023-09-01 17:19:33,247 [INFO] PluginManager:200 - loadIPPluginJar : add cryp
2023-09-01 17:19:33,250 [INFO] IPUIPlugin:64 - create IPUIPlugin
2023-09-01 17:19:33,251 [INFO] PluginManager:200 - loadIPPluginJar : add dfsdm
2023-09-01 17:19:33,255 [INFO] IPUIPlugin:64 - create IPUIPlugin
2023-09-01 17:19:33,256 [INFO] PluginManager:200 - loadIPPluginJar : add dma
2023-09-01 17:19:33,258 [INFO] IPUIPlugin:64 - create IPUIPlugin
2023-09-01 17:19:33,258 [INFO] PluginManager:200 - loadIPPluginJar : add fatfs
2023-09-01 17:19:33,262 [INFO] IPUIPlugin:64 - create IPUIPlugin
2023-09-01 17:19:33,262 [INFO] PluginManager:200 - loadIPPluginJar : add fmc
2023-09-01 17:19:33,267 [INFO] IPUIPlugin:64 - create IPUIPlugin
2023-09-01 17:19:33,267 [INFO] PluginManager:200 - loadIPPluginJar : add freertos
2023-09-01 17:19:33,269 [INFO] IPUIPlugin:64 - create IPUIPlugin
2023-09-01 17:19:33,269 [INFO] PluginManager:200 - loadIPPluginJar : add genericplugin
2023-09-01 17:19:33,271 [INFO] IPUIPlugin:64 - create IPUIPlugin
2023-09-01 17:19:33,271 [INFO] PluginManager:200 - loadIPPluginJar : add gfxmmu
2023-09-01 17:19:33,278 [INFO] IPUIPlugin:64 - create IPUIPlugin
2023-09-01 17:19:33,279 [INFO] PluginManager:200 - loadIPPluginJar : add gic
2023-09-01 17:19:33,283 [INFO] IPUIPlugin:64 - create IPUIPlugin
2023-09-01 17:19:33,283 [INFO] PluginManager:200 - loadIPPluginJar : add gpio
2023-09-01 17:19:33,285 [INFO] IPUIPlugin:64 - create IPUIPlugin
2023-09-01 17:19:33,286 [INFO] PluginManager:200 - loadIPPluginJar : add gtzc
2023-09-01 17:19:33,288 [INFO] IPUIPlugin:64 - create IPUIPlugin
2023-09-01 17:19:33,288 [INFO] PluginManager:200 - loadIPPluginJar : add hash
2023-09-01 17:19:33,291 [INFO] IPUIPlugin:64 - create IPUIPlugin
2023-09-01 17:19:33,291 [INFO] PluginManager:200 - loadIPPluginJar : add i2c
2023-09-01 17:19:33,294 [INFO] IPUIPlugin:64 - create IPUIPlugin
2023-09-01 17:19:33,294 [INFO] PluginManager:200 - loadIPPluginJar : add i2s
2023-09-01 17:19:33,297 [INFO] IPUIPlugin:64 - create IPUIPlugin
2023-09-01 17:19:33,297 [INFO] PluginManager:200 - loadIPPluginJar : add ipddr
2023-09-01 17:19:33,299 [INFO] IPUIPlugin:64 - create IPUIPlugin
2023-09-01 17:19:33,299 [INFO] PluginManager:200 - loadIPPluginJar : add ltdc
2023-09-01 17:19:33,310 [INFO] IPUIPlugin:64 - create IPUIPlugin
2023-09-01 17:19:33,311 [INFO] PluginManager:200 - loadIPPluginJar : add mdma
2023-09-01 17:19:33,314 [INFO] IPUIPlugin:64 - create IPUIPlugin
2023-09-01 17:19:33,314 [INFO] PluginManager:200 - loadIPPluginJar : add nvic
2023-09-01 17:19:33,317 [INFO] IPUIPlugin:64 - create IPUIPlugin
2023-09-01 17:19:33,318 [INFO] PluginManager:200 - loadIPPluginJar : add opamp
2023-09-01 17:19:33,321 [INFO] IPUIPlugin:64 - create IPUIPlugin
2023-09-01 17:19:33,321 [INFO] PluginManager:200 - loadIPPluginJar : add openamp
2023-09-01 17:19:33,326 [INFO] IPUIPlugin:64 - create IPUIPlugin
2023-09-01 17:19:33,326 [INFO] PluginManager:200 - loadIPPluginJar : add pdm2pcm
2023-09-01 17:19:33,335 [INFO] IPUIPlugin:64 - create IPUIPlugin
2023-09-01 17:19:33,340 [INFO] PluginManager:200 - loadIPPluginJar : add plateformsettings
2023-09-01 17:19:33,342 [INFO] IPUIPlugin:64 - create IPUIPlugin
2023-09-01 17:19:33,342 [INFO] PluginManager:200 - loadIPPluginJar : add quadspi
2023-09-01 17:19:33,347 [INFO] IPUIPlugin:64 - create IPUIPlugin
2023-09-01 17:19:33,347 [INFO] PluginManager:200 - loadIPPluginJar : add resmgrutility
2023-09-01 17:19:33,351 [INFO] IPUIPlugin:64 - create IPUIPlugin
2023-09-01 17:19:33,352 [INFO] PluginManager:200 - loadIPPluginJar : add sai
2023-09-01 17:19:33,355 [INFO] IPUIPlugin:64 - create IPUIPlugin
2023-09-01 17:19:33,355 [INFO] PluginManager:200 - loadIPPluginJar : add spi
2023-09-01 17:19:33,359 [INFO] IPUIPlugin:64 - create IPUIPlugin
2023-09-01 17:19:33,359 [INFO] PluginManager:200 - loadIPPluginJar : add stm32_wpan
2023-09-01 17:19:33,361 [INFO] IPUIPlugin:64 - create IPUIPlugin
2023-09-01 17:19:33,361 [INFO] PluginManager:200 - loadIPPluginJar : add tim
2023-09-01 17:19:33,364 [INFO] IPUIPlugin:64 - create IPUIPlugin
2023-09-01 17:19:33,364 [INFO] PluginManager:200 - loadIPPluginJar : add touchsensing
2023-09-01 17:19:33,366 [INFO] IPUIPlugin:64 - create IPUIPlugin
2023-09-01 17:19:33,366 [INFO] PluginManager:200 - loadIPPluginJar : add tracer_emb
2023-09-01 17:19:33,368 [INFO] IPUIPlugin:64 - create IPUIPlugin
2023-09-01 17:19:33,369 [INFO] PluginManager:200 - loadIPPluginJar : add ts
2023-09-01 17:19:33,371 [INFO] IPUIPlugin:64 - create IPUIPlugin
2023-09-01 17:19:33,371 [INFO] PluginManager:200 - loadIPPluginJar : add tsc
2023-09-01 17:19:33,374 [INFO] IPUIPlugin:64 - create IPUIPlugin
2023-09-01 17:19:33,375 [INFO] PluginManager:200 - loadIPPluginJar : add ucpd
2023-09-01 17:19:33,378 [INFO] IPUIPlugin:64 - create IPUIPlugin
2023-09-01 17:19:33,378 [INFO] PluginManager:200 - loadIPPluginJar : add usart
2023-09-01 17:19:34,381 [INFO] CubeProgrammer:457 - [DDR PANEL] - PathOfProgrammer: null
2023-09-01 17:19:35,154 [FATAL] Updater:282 - Updater called before beeing initialized
2023-09-01 17:19:35,306 [FATAL] Updater:282 - Updater called before beeing initialized
2023-09-01 17:19:35,307 [WARN] ThirdParty:775 - waiting for thirdparty lock release [close project]
2023-09-01 17:19:35,307 [INFO] ThirdParty:777 - entering critical section [close project]
2023-09-01 17:19:35,308 [INFO] ThirdParty:790 - exiting critical section [close project]
2023-09-01 17:19:35,311 [INFO] PinOutPanel:1418 - setPackage(No Configuration,No Configuration)
2023-09-01 17:19:35,312 [FATAL] Updater:282 - Updater called before beeing initialized
2023-09-01 17:19:35,317 [ERROR] Updater:967 - MainUpdater not yet initialized. External WinMGr cannot be set.
2023-09-01 17:19:35,318 [INFO] CubeProgrammer:457 - [DDR PANEL] - PathOfProgrammer: C:\ST\STM32CubeIDE_1.4.0\STM32CubeIDE\plugins\com.st.stm32cube.ide.mcu.externaltools.cubeprogrammer.win32_1.4.0.202007081208\tools\bin
2023-09-01 17:19:35,322 [INFO] ProgrammerExecThread:148 - [ProgrammerAPI] CubeProgrammer command construction: C:\ST\STM32CubeIDE_1.4.0\STM32CubeIDE\plugins\com.st.stm32cube.ide.mcu.externaltools.cubeprogrammer.win32_1.4.0.202007081208\tools\bin\STM32_Programmer_CLI.exe -l
2023-09-01 17:19:35,424 [INFO] MainDdrPanel:49 - [DDR PANEL] SETTER - Set cubeProgrammerPath to: C:\ST\STM32CubeIDE_1.4.0\STM32CubeIDE\plugins\com.st.stm32cube.ide.mcu.externaltools.cubeprogrammer.win32_1.4.0.202007081208\tools\bin
2023-09-01 17:19:35,444 [INFO] Updater:904 - Updater Version found : 6.0.0
2023-09-01 17:19:35,469 [INFO] ApplicationProperties:181 - Using Application install path: C:\ST\STM32CubeIDE_1.4.0\STM32CubeIDE\plugins\com.st.stm32cube.common.mx_6.0.0.202007160824
2023-09-01 17:19:35,743 [INFO] MainUpdater:2268 - connection check result : 10
2023-09-01 17:19:35,743 [INFO] MainUpdater:2935 - Updater definition file requires update
2023-09-01 17:19:35,744 [INFO] MainUpdater:239 - Updater Check For Update Now.
2023-09-01 17:19:35,744 [INFO] MicroXplorer:414 - Change Database Version : DB.6.0.0
2023-09-01 17:19:35,854 [INFO] ServerAccessManage:348 - Download File updaters.zip
2023-09-01 17:19:36,084 [INFO] FileExtend:225 - Unzip File : updaters.zip
2023-09-01 17:19:36,084 [INFO] FileExtend:240 - Standard Zip Deflate
2023-09-01 17:19:36,615 [INFO] ServerAccessManage:348 - Download File PacksControlFlags.xml
2023-09-01 17:19:36,746 [INFO] ServerAccessManage:348 - Download File cubemx.pidx
2023-09-01 17:19:36,842 [INFO] LoadServerUpdatesThread:309 - End of LoadServerUpdate Thread
2023-09-01 17:19:36,888 [INFO] CheckServerUpdateThread:102 - End of CheckServer Thread
2023-09-01 17:19:36,964 [INFO] MainUpdater:2268 - connection check result : 10
2023-09-01 17:19:37,322 [INFO] ServerAccessManage:348 - Download File mcusDocs.json._tmp_
2023-09-01 17:19:37,498 [INFO] LoadUrlFilesThread:135 - End of LoadUrlFiles Thread
2023-09-01 17:19:37,613 [INFO] ServerAccessManage:348 - Download File mcusFeaturesAndDescription.json._tmp_
2023-09-01 17:19:38,745 [WARN] IntegrityCheckThread:61 - waiting for thirdparty lock release [integrity check]
2023-09-01 17:19:38,745 [INFO] IntegrityCheckThread:63 - entering critical section [integrity check]
2023-09-01 17:19:38,745 [WARN] MainUpdater:1087 - Updater busy. Cannot search thirdparties
2023-09-01 17:19:41,752 [WARN] MainUpdater:1087 - Updater busy. Cannot search thirdparties
2023-09-01 17:19:41,834 [INFO] LoadUrlFilesThread:135 - End of LoadUrlFiles Thread
2023-09-01 17:19:41,975 [INFO] ServerAccessManage:348 - Download File boardsDocs.json._tmp_
2023-09-01 17:19:42,008 [INFO] LoadUrlFilesThread:135 - End of LoadUrlFiles Thread
2023-09-01 17:19:42,128 [INFO] ServerAccessManage:348 - Download File boards.json._tmp_
2023-09-01 17:19:42,358 [INFO] LoadUrlFilesThread:135 - End of LoadUrlFiles Thread
2023-09-01 17:19:43,073 [INFO] ServerAccessManage:348 - Download File cube-finder-db.zip
2023-09-01 17:19:44,756 [WARN] MainUpdater:1087 - Updater busy. Cannot search thirdparties
2023-09-01 17:19:47,765 [WARN] MainUpdater:1087 - Updater busy. Cannot search thirdparties
2023-09-01 17:19:50,771 [WARN] MainUpdater:1087 - Updater busy. Cannot search thirdparties
2023-09-01 17:19:53,786 [WARN] MainUpdater:1087 - Updater busy. Cannot search thirdparties
2023-09-01 17:19:56,793 [WARN] MainUpdater:1087 - Updater busy. Cannot search thirdparties
2023-09-01 17:19:57,225 [INFO] FileExtend:225 - Unzip File : cube-finder-db.zip
2023-09-01 17:19:57,228 [INFO] FileExtend:240 - Standard Zip Deflate
2023-09-01 17:19:58,037 [INFO] LoadUrlFilesThread:135 - End of LoadUrlFiles Thread
2023-09-01 17:19:58,688 [INFO] ServerAccessManage:348 - Download File crdb.zip
2023-09-01 17:19:59,191 [INFO] FileExtend:225 - Unzip File : crdb.zip
2023-09-01 17:19:59,193 [INFO] FileExtend:240 - Standard Zip Deflate
2023-09-01 17:19:59,254 [INFO] LoadUrlFilesThread:135 - End of LoadUrlFiles Thread
2023-09-01 17:19:59,608 [INFO] ServerAccessManage:348 - Download File tutoVideoDB.zip
2023-09-01 17:19:59,687 [INFO] FileExtend:225 - Unzip File : tutoVideoDB.zip
2023-09-01 17:19:59,689 [INFO] FileExtend:240 - Standard Zip Deflate
2023-09-01 17:19:59,714 [INFO] LoadUrlFilesThread:135 - End of LoadUrlFiles Thread
2023-09-01 17:19:59,746 [INFO] DbMcusDocs:145 - JSON generation date=Tue Nov 16 18:17:54 EET 2021 (1637079474)
2023-09-01 17:19:59,747 [INFO] DbMcusXml:100 - Load MCU database from C:\ST\STM32CubeIDE_1.4.0\STM32CubeIDE\plugins\com.st.stm32cube.common.mx_6.0.0.202007160824\\db\/mcu/families.xml
2023-09-01 17:19:59,890 [INFO] ThirdPartyDb:299 - Save Third Party DataBase File (C:/Users/Ahmed/.stm32cubemx/plugins/thirdparty/db/thirdparties_db.xml) [forced]
2023-09-01 17:19:59,906 [ERROR] ConditionMgr:1027 - genDependencies : Invalid condition id : CMSIS Core with RTOS2 cause : null
2023-09-01 17:19:59,906 [ERROR] ConditionMgr:1027 - genDependencies : Invalid condition id : Network Driver ETH cause : null
2023-09-01 17:19:59,906 [ERROR] ConditionMgr:1027 - genDependencies : Invalid condition id : Network Driver PPP cause : null
2023-09-01 17:19:59,906 [ERROR] ConditionMgr:1027 - genDependencies : Invalid condition id : Network Driver SLIP cause : null
2023-09-01 17:19:59,907 [ERROR] ConditionMgr:1027 - genDependencies : Invalid condition id : Network Core cause : null
2023-09-01 17:19:59,907 [ERROR] ConditionMgr:1027 - genDependencies : Invalid condition id : Network Driver SLIP cause : null
2023-09-01 17:19:59,907 [ERROR] ConditionMgr:1027 - genDependencies : Invalid condition id : Network Driver PPP cause : null
2023-09-01 17:19:59,907 [ERROR] ConditionMgr:1027 - genDependencies : Invalid condition id : CMSIS Core with RTOS2 cause : null
2023-09-01 17:19:59,907 [ERROR] ConditionMgr:1027 - genDependencies : Invalid condition id : Network Core cause : null
2023-09-01 17:19:59,907 [ERROR] ConditionMgr:1027 - genDependencies : Invalid condition id : Network Driver ETH cause : null
2023-09-01 17:19:59,907 [ERROR] ConditionMgr:1027 - genDependencies : Invalid condition id : CMSIS Core with RTOS2 cause : null
2023-09-01 17:19:59,907 [ERROR] ConditionMgr:1027 - genDependencies : Invalid condition id : Network Driver ETH cause : null
2023-09-01 17:19:59,908 [ERROR] ConditionMgr:1027 - genDependencies : Invalid condition id : Network Driver PPP cause : null
2023-09-01 17:19:59,908 [ERROR] ConditionMgr:1027 - genDependencies : Invalid condition id : Network Driver SLIP cause : null
2023-09-01 17:19:59,908 [ERROR] ConditionMgr:1027 - genDependencies : Invalid condition id : Network Core cause : null
2023-09-01 17:19:59,908 [INFO] ThirdPartyDb:299 - Save Third Party DataBase File (C:/Users/Ahmed/.stm32cubemx/plugins/thirdparty/db/thirdparties_db.xml) [forced]
2023-09-01 17:19:59,925 [ERROR] ConditionMgr:1027 - genDependencies : Invalid condition id : CMSIS Core with RTOS2 cause : null
2023-09-01 17:19:59,926 [ERROR] ConditionMgr:1027 - genDependencies : Invalid condition id : Network Driver ETH cause : null
2023-09-01 17:19:59,926 [ERROR] ConditionMgr:1027 - genDependencies : Invalid condition id : Network Driver PPP cause : null
2023-09-01 17:19:59,926 [ERROR] ConditionMgr:1027 - genDependencies : Invalid condition id : Network Driver SLIP cause : null
2023-09-01 17:19:59,926 [ERROR] ConditionMgr:1027 - genDependencies : Invalid condition id : Network Core cause : null
2023-09-01 17:19:59,926 [ERROR] ConditionMgr:1027 - genDependencies : Invalid condition id : Network Driver SLIP cause : null
2023-09-01 17:19:59,926 [ERROR] ConditionMgr:1027 - genDependencies : Invalid condition id : Network Driver PPP cause : null
2023-09-01 17:19:59,927 [ERROR] ConditionMgr:1027 - genDependencies : Invalid condition id : CMSIS Core with RTOS2 cause : null
2023-09-01 17:19:59,927 [ERROR] ConditionMgr:1027 - genDependencies : Invalid condition id : Network Core cause : null
2023-09-01 17:19:59,927 [ERROR] ConditionMgr:1027 - genDependencies : Invalid condition id : Network Driver ETH cause : null
2023-09-01 17:19:59,927 [ERROR] ConditionMgr:1027 - genDependencies : Invalid condition id : CMSIS Core with RTOS2 cause : null
2023-09-01 17:19:59,927 [ERROR] ConditionMgr:1027 - genDependencies : Invalid condition id : Network Driver ETH cause : null
2023-09-01 17:19:59,927 [ERROR] ConditionMgr:1027 - genDependencies : Invalid condition id : Network Driver PPP cause : null
2023-09-01 17:19:59,927 [ERROR] ConditionMgr:1027 - genDependencies : Invalid condition id : Network Driver SLIP cause : null
2023-09-01 17:19:59,927 [ERROR] ConditionMgr:1027 - genDependencies : Invalid condition id : Network Core cause : null
2023-09-01 17:19:59,927 [INFO] ThirdPartyDb:299 - Save Third Party DataBase File (C:/Users/Ahmed/.stm32cubemx/plugins/thirdparty/db/thirdparties_db.xml) [forced]
2023-09-01 17:19:59,944 [INFO] ThirdPartyDb:299 - Save Third Party DataBase File (C:/Users/Ahmed/.stm32cubemx/plugins/thirdparty/db/thirdparties_db.xml) [forced]
2023-09-01 17:19:59,962 [INFO] ThirdPartyDb:299 - Save Third Party DataBase File (C:/Users/Ahmed/.stm32cubemx/plugins/thirdparty/db/thirdparties_db.xml) [forced]
2023-09-01 17:20:00,062 [INFO] ThirdPartyDb:299 - Save Third Party DataBase File (C:/Users/Ahmed/.stm32cubemx/plugins/thirdparty/db/thirdparties_db.xml) [forced]
2023-09-01 17:20:00,107 [INFO] ThirdPartyDb:299 - Save Third Party DataBase File (C:/Users/Ahmed/.stm32cubemx/plugins/thirdparty/db/thirdparties_db.xml) [forced]
2023-09-01 17:20:00,126 [INFO] ThirdPartyDb:299 - Save Third Party DataBase File (C:/Users/Ahmed/.stm32cubemx/plugins/thirdparty/db/thirdparties_db.xml) [forced]
2023-09-01 17:20:00,152 [INFO] ThirdPartyDb:299 - Save Third Party DataBase File (C:/Users/Ahmed/.stm32cubemx/plugins/thirdparty/db/thirdparties_db.xml) [forced]
2023-09-01 17:20:00,170 [INFO] ThirdPartyDb:299 - Save Third Party DataBase File (C:/Users/Ahmed/.stm32cubemx/plugins/thirdparty/db/thirdparties_db.xml) [forced]
2023-09-01 17:20:00,193 [INFO] ThirdPartyDb:299 - Save Third Party DataBase File (C:/Users/Ahmed/.stm32cubemx/plugins/thirdparty/db/thirdparties_db.xml) [forced]
2023-09-01 17:20:00,248 [INFO] ThirdPartyDb:299 - Save Third Party DataBase File (C:/Users/Ahmed/.stm32cubemx/plugins/thirdparty/db/thirdparties_db.xml) [forced]
2023-09-01 17:20:00,275 [INFO] ThirdPartyDb:299 - Save Third Party DataBase File (C:/Users/Ahmed/.stm32cubemx/plugins/thirdparty/db/thirdparties_db.xml) [forced]
2023-09-01 17:20:00,287 [INFO] Engine:289 - softwarePackList size : 13
2023-09-01 17:20:00,297 [INFO] Engine:305 - compute dependency for SwPack FreeRTOS have been done, no update is requested
2023-09-01 17:20:00,297 [INFO] Engine:305 - compute dependency for SwPack lwIP have been done, no update is requested
2023-09-01 17:20:00,298 [INFO] Engine:305 - compute dependency for SwPack lwIP have been done, no update is requested
2023-09-01 17:20:00,298 [INFO] Engine:305 - compute dependency for SwPack MBEDTLS have been done, no update is requested
2023-09-01 17:20:00,298 [INFO] Engine:305 - compute dependency for SwPack MBEDTLS have been done, no update is requested
2023-09-01 17:20:00,298 [INFO] Engine:305 - compute dependency for SwPack PDM2PCM have been done, no update is requested
2023-09-01 17:20:00,298 [INFO] Engine:305 - compute dependency for SwPack PDM2PCM have been done, no update is requested
2023-09-01 17:20:00,298 [INFO] Engine:305 - compute dependency for SwPack PDM2PCM have been done, no update is requested
2023-09-01 17:20:00,301 [INFO] Engine:305 - compute dependency for SwPack USB_DEVICE have been done, no update is requested
2023-09-01 17:20:00,301 [INFO] Engine:305 - compute dependency for SwPack USB_DEVICE have been done, no update is requested
2023-09-01 17:20:00,302 [INFO] Engine:305 - compute dependency for SwPack USB_DEVICE have been done, no update is requested
2023-09-01 17:20:00,303 [INFO] Engine:305 - compute dependency for SwPack USB_HOST have been done, no update is requested
2023-09-01 17:20:00,304 [INFO] Engine:305 - compute dependency for SwPack USB_HOST have been done, no update is requested
2023-09-01 17:20:00,304 [WARN] XmlIntegratedPack:130 - No IP in current MCU
2023-09-01 17:20:00,305 [WARN] XmlIntegratedPack:130 - No IP in current MCU
2023-09-01 17:20:00,305 [WARN] XmlIntegratedPack:130 - No IP in current MCU
2023-09-01 17:20:00,305 [WARN] XmlIntegratedPack:130 - No IP in current MCU
2023-09-01 17:20:00,306 [WARN] XmlIntegratedPack:130 - No IP in current MCU
2023-09-01 17:20:00,306 [WARN] XmlIntegratedPack:130 - No IP in current MCU
2023-09-01 17:20:00,306 [WARN] XmlIntegratedPack:130 - No IP in current MCU
2023-09-01 17:20:00,306 [WARN] XmlIntegratedPack:130 - No IP in current MCU
2023-09-01 17:20:00,306 [WARN] XmlIntegratedPack:130 - No IP in current MCU
2023-09-01 17:20:00,306 [WARN] XmlIntegratedPack:130 - No IP in current MCU
2023-09-01 17:20:00,306 [WARN] XmlIntegratedPack:130 - No IP in current MCU
2023-09-01 17:20:00,306 [WARN] XmlIntegratedPack:130 - No IP in current MCU
2023-09-01 17:20:00,306 [WARN] XmlIntegratedPack:130 - No IP in current MCU
2023-09-01 17:20:00,306 [INFO] ThirdPartyDb:299 - Save Third Party DataBase File (C:/Users/Ahmed/.stm32cubemx/plugins/thirdparty/db/thirdparties_db.xml) [forced]
2023-09-01 17:20:00,309 [INFO] ThirdPartyDb:299 - Save Third Party DataBase File (C:/Users/Ahmed/.stm32cubemx/plugins/thirdparty/db/thirdparties_db.xml) [forced]
2023-09-01 17:20:00,315 [INFO] ThirdPartyDb:299 - Save Third Party DataBase File (C:/Users/Ahmed/.stm32cubemx/plugins/thirdparty/db/thirdparties_db.xml) [forced]
2023-09-01 17:20:00,337 [INFO] ThirdPartyDb:299 - Save Third Party DataBase File (C:/Users/Ahmed/.stm32cubemx/plugins/thirdparty/db/thirdparties_db.xml) [forced]
2023-09-01 17:20:00,368 [INFO] ThirdPartyDb:299 - Save Third Party DataBase File (C:/Users/Ahmed/.stm32cubemx/plugins/thirdparty/db/thirdparties_db.xml) [forced]
2023-09-01 17:20:00,370 [INFO] IntegrityCheckThread:76 - exiting critical section [integrity check]
2023-09-01 17:20:00,370 [INFO] IntegrityCheckThread:79 - End integrity checks thread
2023-09-01 17:20:00,645 [INFO] DbMcusJson:92 - JSON generation date=Tue Nov 16 18:17:54 EET 2021 (1637079474)
2023-09-01 17:20:01,567 [INFO] DbMcus:175 - Found 1761 MCUs (1722 are supported by CubeMX, 1911 are visible in CubeMX)
2023-09-01 17:20:01,567 [INFO] ApiDb:192 - User favorites file not found: C:\Users\Ahmed/.stm32cubemx/favorites.mcus.txt
2023-09-01 17:20:01,568 [INFO] DbMcus:187 - Set 0 / 0 favorites MCUs
2023-09-01 17:20:01,894 [INFO] DbMcusDocs:81 - Found 682 MCUs documents
2023-09-01 17:20:01,896 [INFO] ApiDb:226 - Save user favorites file C:\Users\Ahmed/.stm32cubemx/favorites.mcus.txt: 0 item(s)
2023-09-01 17:20:01,897 [INFO] ApiDb:230 - User favorites MCUs=[]
2023-09-01 17:20:01,897 [INFO] DbMcusXml:100 - Load MCU database from C:\ST\STM32CubeIDE_1.4.0\STM32CubeIDE\plugins\com.st.stm32cube.common.mx_6.0.0.202007160824\\db\/mcu/families.xml
2023-09-01 17:20:02,365 [INFO] DbMcusJson:92 - JSON generation date=Tue Nov 16 18:17:54 EET 2021 (1637079474)
2023-09-01 17:20:02,935 [INFO] DbMcus:175 - Found 1761 MCUs (1722 are supported by CubeMX, 1911 are visible in CubeMX)
2023-09-01 17:20:02,935 [INFO] ApiDb:201 - Load user favorites file C:\Users\Ahmed/.stm32cubemx/favorites.mcus.txt: 0 item(s)
2023-09-01 17:20:02,935 [INFO] ApiDb:205 - User favorites MCUs=[]
2023-09-01 17:20:02,936 [INFO] DbMcus:187 - Set 0 / 0 favorites MCUs
2023-09-01 17:20:02,943 [INFO] DbBoardsDocs:145 - JSON generation date=Tue Nov 16 18:17:54 EET 2021 (1637079474)
2023-09-01 17:20:02,963 [INFO] DbBoardsPdsc:94 - Found 23 items
2023-09-01 17:20:02,975 [INFO] DbBoardsPdsc:94 - Found 9 items
2023-09-01 17:20:02,993 [INFO] DbBoardsPdsc:94 - Found 29 items
2023-09-01 17:20:03,003 [INFO] DbBoardsPdsc:94 - Found 1 items
2023-09-01 17:20:03,022 [INFO] DbBoardsPdsc:94 - Found 44 items
2023-09-01 17:20:03,038 [INFO] DbBoardsPdsc:94 - Found 40 items
2023-09-01 17:20:03,049 [INFO] DbBoardsPdsc:94 - Found 2 items
2023-09-01 17:20:03,060 [INFO] DbBoardsPdsc:94 - Found 4 items
2023-09-01 17:20:03,067 [WARN] DbBoardsPdsc:258 - Board STM32H7B3I-DK: unknown feature type=Audio, name=, username=Audio stereo codec with Headphone Amp (CS42L51-CNZ), n=1
2023-09-01 17:20:03,067 [WARN] DbBoardsPdsc:258 - Board STM32H735G-DK: unknown feature type=Audio, name=, username=Audio stereo codec with Headphone Amp (WM8994ECS/R), n=1
2023-09-01 17:20:03,069 [WARN] DbBoardsPdsc:258 - Board STM32H7B3I-EVAL: unknown feature type=Audio, name=, username=Multi-Channel Audio Codec (CS42L51-CNZ), n=1
2023-09-01 17:20:03,069 [WARN] DbBoardsPdsc:258 - Board STM32H7B3I-EVAL: unknown feature type=Meter, name=, username=Power-metering and Temperature-monitoring with sigma-delta modulators, n=1
2023-09-01 17:20:03,069 [WARN] DbBoardsPdsc:258 - Board STM32H7B3I-EVAL: unknown feature type=Motor, name=, username=Motor Control, n=1
2023-09-01 17:20:03,100 [INFO] DbBoardsJson:85 - JSON generation date=Tue Nov 16 18:17:54 EET 2021 (1637079474)
2023-09-01 17:20:03,108 [INFO] DbBoards:117 - Found 166 boards (149 are supported by CubeMX)
2023-09-01 17:20:03,110 [INFO] DbBoardsDocs:145 - JSON generation date=Tue Nov 16 18:17:54 EET 2021 (1637079474)
2023-09-01 17:20:03,115 [INFO] DbBoardsDocs:81 - Found 209 boards documents
2023-09-01 17:20:03,117 [WARN] DbBoards:127 - board B-L475E-IOT01A2 has no document id list !
2023-09-01 17:20:03,118 [WARN] DbBoards:127 - board NUCLEO-H743ZI has no document id list !
2023-09-01 17:20:03,119 [WARN] DbBoards:127 - board P-NUCLEO-WB55-Nucleo has no document id list !
2023-09-01 17:20:03,119 [WARN] DbBoards:127 - board P-NUCLEO-WB55-USBDongle has no document id list !
2023-09-01 17:20:03,119 [WARN] DbBoards:127 - board STEVAL-BFA001V1B has no document id list !
2023-09-01 17:20:03,119 [WARN] DbBoards:127 - board STEVAL-BFA001V2B has no document id list !
2023-09-01 17:20:03,119 [WARN] DbBoards:127 - board STEVAL-IDP005V1 has no document id list !
2023-09-01 17:20:03,119 [WARN] DbBoards:127 - board STEVAL-IDP005V2 has no document id list !
2023-09-01 17:20:03,119 [WARN] DbBoards:127 - board STEVAL-MKSBOX1V1 has no document id list !
2023-09-01 17:20:03,119 [WARN] DbBoards:127 - board STEVAL-STWINKT1 has no document id list !
2023-09-01 17:20:03,119 [WARN] DbBoards:127 - board STEVAL-STWINKT1B has no document id list !
2023-09-01 17:20:03,119 [WARN] DbBoards:127 - board STM32439I-EVAL2 has no document id list !
2023-09-01 17:20:03,119 [WARN] DbBoards:127 - board STM32F401C-DISCO has no document id list !
2023-09-01 17:20:03,120 [WARN] DbBoards:127 - board STM32F769I-DISC1 has no document id list !
2023-09-01 17:20:03,120 [WARN] DbBoards:127 - board STM32G474E-EVAL1 has no document id list !
2023-09-01 17:20:03,120 [WARN] DbBoards:127 - board STM32H743I-EVAL2 has no document id list !
2023-09-01 17:20:03,121 [WARN] DbBoards:127 - board STM32H747I-DISC1 has no document id list !
2023-09-01 17:20:03,121 [WARN] DbBoards:127 - board STM32H753I-EVAL2 has no document id list !
2023-09-01 17:20:03,121 [WARN] DbBoards:127 - board STM32L-DISCOVERY has no document id list !
2023-09-01 17:20:03,228 [ERROR] DbBoards:189 - Image file not found for board B-L462E-CELL1: C:\ST\STM32CubeIDE_1.4.0\STM32CubeIDE\plugins\com.st.stm32cube.common.mx_6.0.0.202007160824\\db\/plugins/mcufinder/images/boards/B-L462E-CELL1_small.jpg
2023-09-01 17:20:03,286 [ERROR] DbBoards:189 - Image file not found for board B-U585I-IOT02A: C:\ST\STM32CubeIDE_1.4.0\STM32CubeIDE\plugins\com.st.stm32cube.common.mx_6.0.0.202007160824\\db\/plugins/mcufinder/images/boards/B-U585I-IOT02A_small.jpg
2023-09-01 17:20:03,400 [ERROR] DbBoards:189 - Image file not found for board NUCLEO-F413ZH: C:\ST\STM32CubeIDE_1.4.0\STM32CubeIDE\plugins\com.st.stm32cube.common.mx_6.0.0.202007160824\\db\/plugins/mcufinder/images/boards/nucleo-f413zh_small.jpg
2023-09-01 17:20:03,584 [ERROR] DbBoards:189 - Image file not found for board NUCLEO-L552ZE-Q: C:\ST\STM32CubeIDE_1.4.0\STM32CubeIDE\plugins\com.st.stm32cube.common.mx_6.0.0.202007160824\\db\/plugins/mcufinder/images/boards/nucleo_l552ze_q_small.jpg
2023-09-01 17:20:03,585 [ERROR] DbBoards:189 - Image file not found for board NUCLEO-U575ZI-Q: C:\ST\STM32CubeIDE_1.4.0\STM32CubeIDE\plugins\com.st.stm32cube.common.mx_6.0.0.202007160824\\db\/plugins/mcufinder/images/boards/nucleo-u575zi-q_small.jpg
2023-09-01 17:20:03,585 [ERROR] DbBoards:189 - Image file not found for board NUCLEO-WB15CC: C:\ST\STM32CubeIDE_1.4.0\STM32CubeIDE\plugins\com.st.stm32cube.common.mx_6.0.0.202007160824\\db\/plugins/mcufinder/images/boards/nucleo-wb15cc_small.jpg
2023-09-01 17:20:03,585 [ERROR] DbBoards:189 - Image file not found for board NUCLEO-WB55RG: C:\ST\STM32CubeIDE_1.4.0\STM32CubeIDE\plugins\com.st.stm32cube.common.mx_6.0.0.202007160824\\db\/plugins/mcufinder/images/boards/nucleo-wb55rg_small.jpg
2023-09-01 17:20:03,585 [ERROR] DbBoards:189 - Image file not found for board NUCLEO-WL55JC: C:\ST\STM32CubeIDE_1.4.0\STM32CubeIDE\plugins\com.st.stm32cube.common.mx_6.0.0.202007160824\\db\/plugins/mcufinder/images/boards/nucleo-wl55jc-small.jpg
2023-09-01 17:20:03,803 [ERROR] DbBoards:189 - Image file not found for board STEVAL-STWINKT1B: C:\ST\STM32CubeIDE_1.4.0\STM32CubeIDE\plugins\com.st.stm32cube.common.mx_6.0.0.202007160824\\db\/plugins/mcufinder/images/boards/steval-stwinkt1b_small.jpg
2023-09-01 17:20:04,396 [ERROR] DbBoards:189 - Image file not found for board STM32G0C1E-EV: C:\ST\STM32CubeIDE_1.4.0\STM32CubeIDE\plugins\com.st.stm32cube.common.mx_6.0.0.202007160824\\db\/plugins/mcufinder/images/boards/stm32g0c1e-eval_small.jpg
2023-09-01 17:20:04,546 [ERROR] DbBoards:189 - Image file not found for board STM32H7B3I-EVAL: C:\ST\STM32CubeIDE_1.4.0\STM32CubeIDE\plugins\com.st.stm32cube.common.mx_6.0.0.202007160824\\db\/plugins/mcufinder/images/boards/stm32h7b3ieval_small.jpg
2023-09-01 17:20:04,843 [ERROR] DbBoards:189 - Image file not found for board STM32U575I-EV: C:\ST\STM32CubeIDE_1.4.0\STM32CubeIDE\plugins\com.st.stm32cube.common.mx_6.0.0.202007160824\\db\/plugins/mcufinder/images/boards/stm32u575i-ev_small.jpg
2023-09-01 17:20:04,897 [ERROR] DbBoards:189 - Image file not found for board STM32WB5MM-DK: C:\ST\STM32CubeIDE_1.4.0\STM32CubeIDE\plugins\com.st.stm32cube.common.mx_6.0.0.202007160824\\db\/plugins/mcufinder/images/boards/STM32WB5MM-DK_small.jpg
2023-09-01 17:20:04,898 [INFO] ApiDb:192 - User favorites file not found: C:\Users\Ahmed/.stm32cubemx/favorites.boards.txt
2023-09-01 17:20:04,898 [INFO] DbBoards:206 - Set 0 / 0 favorites Boards
2023-09-01 17:20:04,900 [INFO] DbBoardsDocs:81 - Found 418 boards documents
2023-09-01 17:20:04,901 [INFO] ApiDb:226 - Save user favorites file C:\Users\Ahmed/.stm32cubemx/favorites.boards.txt: 0 item(s)
2023-09-01 17:20:04,901 [INFO] ApiDb:230 - User favorites Boards=[]
2023-09-01 17:20:04,904 [INFO] DbBoardsPdsc:94 - Found 23 items
2023-09-01 17:20:04,905 [INFO] DbBoardsPdsc:94 - Found 9 items
2023-09-01 17:20:04,907 [INFO] DbBoardsPdsc:94 - Found 29 items
2023-09-01 17:20:04,909 [INFO] DbBoardsPdsc:94 - Found 1 items
2023-09-01 17:20:04,913 [INFO] DbBoardsPdsc:94 - Found 44 items
2023-09-01 17:20:04,917 [INFO] DbBoardsPdsc:94 - Found 40 items
2023-09-01 17:20:04,918 [INFO] DbBoardsPdsc:94 - Found 2 items
2023-09-01 17:20:04,920 [INFO] DbBoardsPdsc:94 - Found 4 items
2023-09-01 17:20:04,922 [WARN] DbBoardsPdsc:258 - Board STM32H7B3I-DK: unknown feature type=Audio, name=, username=Audio stereo codec with Headphone Amp (CS42L51-CNZ), n=1
2023-09-01 17:20:04,923 [WARN] DbBoardsPdsc:258 - Board STM32H735G-DK: unknown feature type=Audio, name=, username=Audio stereo codec with Headphone Amp (WM8994ECS/R), n=1
2023-09-01 17:20:04,924 [WARN] DbBoardsPdsc:258 - Board STM32H7B3I-EVAL: unknown feature type=Audio, name=, username=Multi-Channel Audio Codec (CS42L51-CNZ), n=1
2023-09-01 17:20:04,925 [WARN] DbBoardsPdsc:258 - Board STM32H7B3I-EVAL: unknown feature type=Meter, name=, username=Power-metering and Temperature-monitoring with sigma-delta modulators, n=1
2023-09-01 17:20:04,925 [WARN] DbBoardsPdsc:258 - Board STM32H7B3I-EVAL: unknown feature type=Motor, name=, username=Motor Control, n=1
2023-09-01 17:20:04,950 [INFO] DbBoardsJson:85 - JSON generation date=Tue Nov 16 18:17:54 EET 2021 (1637079474)
2023-09-01 17:20:04,953 [INFO] DbBoards:117 - Found 166 boards (149 are supported by CubeMX)
2023-09-01 17:20:04,954 [WARN] DbBoards:127 - board B-L475E-IOT01A2 has no document id list !
2023-09-01 17:20:04,954 [WARN] DbBoards:127 - board NUCLEO-H743ZI has no document id list !
2023-09-01 17:20:04,954 [WARN] DbBoards:127 - board P-NUCLEO-WB55-Nucleo has no document id list !
2023-09-01 17:20:04,955 [WARN] DbBoards:127 - board P-NUCLEO-WB55-USBDongle has no document id list !
2023-09-01 17:20:04,955 [WARN] DbBoards:127 - board STEVAL-BFA001V1B has no document id list !
2023-09-01 17:20:04,955 [WARN] DbBoards:127 - board STEVAL-BFA001V2B has no document id list !
2023-09-01 17:20:04,955 [WARN] DbBoards:127 - board STEVAL-IDP005V1 has no document id list !
2023-09-01 17:20:04,955 [WARN] DbBoards:127 - board STEVAL-IDP005V2 has no document id list !
2023-09-01 17:20:04,955 [WARN] DbBoards:127 - board STEVAL-MKSBOX1V1 has no document id list !
2023-09-01 17:20:04,955 [WARN] DbBoards:127 - board STEVAL-STWINKT1 has no document id list !
2023-09-01 17:20:04,955 [WARN] DbBoards:127 - board STEVAL-STWINKT1B has no document id list !
2023-09-01 17:20:04,956 [WARN] DbBoards:127 - board STM32439I-EVAL2 has no document id list !
2023-09-01 17:20:04,956 [WARN] DbBoards:127 - board STM32F401C-DISCO has no document id list !
2023-09-01 17:20:04,956 [WARN] DbBoards:127 - board STM32F769I-DISC1 has no document id list !
2023-09-01 17:20:04,956 [WARN] DbBoards:127 - board STM32G474E-EVAL1 has no document id list !
2023-09-01 17:20:04,957 [WARN] DbBoards:127 - board STM32H743I-EVAL2 has no document id list !
2023-09-01 17:20:04,957 [WARN] DbBoards:127 - board STM32H747I-DISC1 has no document id list !
2023-09-01 17:20:04,957 [WARN] DbBoards:127 - board STM32H753I-EVAL2 has no document id list !
2023-09-01 17:20:04,957 [WARN] DbBoards:127 - board STM32L-DISCOVERY has no document id list !
2023-09-01 17:20:04,987 [ERROR] DbBoards:189 - Image file not found for board B-L462E-CELL1: C:\ST\STM32CubeIDE_1.4.0\STM32CubeIDE\plugins\com.st.stm32cube.common.mx_6.0.0.202007160824\\db\/plugins/mcufinder/images/boards/B-L462E-CELL1_small.jpg
2023-09-01 17:20:05,017 [ERROR] DbBoards:189 - Image file not found for board B-U585I-IOT02A: C:\ST\STM32CubeIDE_1.4.0\STM32CubeIDE\plugins\com.st.stm32cube.common.mx_6.0.0.202007160824\\db\/plugins/mcufinder/images/boards/B-U585I-IOT02A_small.jpg
2023-09-01 17:20:05,078 [ERROR] DbBoards:189 - Image file not found for board NUCLEO-F413ZH: C:\ST\STM32CubeIDE_1.4.0\STM32CubeIDE\plugins\com.st.stm32cube.common.mx_6.0.0.202007160824\\db\/plugins/mcufinder/images/boards/nucleo-f413zh_small.jpg
2023-09-01 17:20:05,231 [ERROR] DbBoards:189 - Image file not found for board NUCLEO-L552ZE-Q: C:\ST\STM32CubeIDE_1.4.0\STM32CubeIDE\plugins\com.st.stm32cube.common.mx_6.0.0.202007160824\\db\/plugins/mcufinder/images/boards/nucleo_l552ze_q_small.jpg
2023-09-01 17:20:05,231 [ERROR] DbBoards:189 - Image file not found for board NUCLEO-U575ZI-Q: C:\ST\STM32CubeIDE_1.4.0\STM32CubeIDE\plugins\com.st.stm32cube.common.mx_6.0.0.202007160824\\db\/plugins/mcufinder/images/boards/nucleo-u575zi-q_small.jpg
2023-09-01 17:20:05,231 [ERROR] DbBoards:189 - Image file not found for board NUCLEO-WB15CC: C:\ST\STM32CubeIDE_1.4.0\STM32CubeIDE\plugins\com.st.stm32cube.common.mx_6.0.0.202007160824\\db\/plugins/mcufinder/images/boards/nucleo-wb15cc_small.jpg
2023-09-01 17:20:05,231 [ERROR] DbBoards:189 - Image file not found for board NUCLEO-WB55RG: C:\ST\STM32CubeIDE_1.4.0\STM32CubeIDE\plugins\com.st.stm32cube.common.mx_6.0.0.202007160824\\db\/plugins/mcufinder/images/boards/nucleo-wb55rg_small.jpg
2023-09-01 17:20:05,231 [ERROR] DbBoards:189 - Image file not found for board NUCLEO-WL55JC: C:\ST\STM32CubeIDE_1.4.0\STM32CubeIDE\plugins\com.st.stm32cube.common.mx_6.0.0.202007160824\\db\/plugins/mcufinder/images/boards/nucleo-wl55jc-small.jpg
2023-09-01 17:20:05,328 [ERROR] DbBoards:189 - Image file not found for board STEVAL-STWINKT1B: C:\ST\STM32CubeIDE_1.4.0\STM32CubeIDE\plugins\com.st.stm32cube.common.mx_6.0.0.202007160824\\db\/plugins/mcufinder/images/boards/steval-stwinkt1b_small.jpg
2023-09-01 17:20:05,518 [ERROR] DbBoards:189 - Image file not found for board STM32G0C1E-EV: C:\ST\STM32CubeIDE_1.4.0\STM32CubeIDE\plugins\com.st.stm32cube.common.mx_6.0.0.202007160824\\db\/plugins/mcufinder/images/boards/stm32g0c1e-eval_small.jpg
2023-09-01 17:20:05,584 [ERROR] DbBoards:189 - Image file not found for board STM32H7B3I-EVAL: C:\ST\STM32CubeIDE_1.4.0\STM32CubeIDE\plugins\com.st.stm32cube.common.mx_6.0.0.202007160824\\db\/plugins/mcufinder/images/boards/stm32h7b3ieval_small.jpg
2023-09-01 17:20:05,704 [ERROR] DbBoards:189 - Image file not found for board STM32U575I-EV: C:\ST\STM32CubeIDE_1.4.0\STM32CubeIDE\plugins\com.st.stm32cube.common.mx_6.0.0.202007160824\\db\/plugins/mcufinder/images/boards/stm32u575i-ev_small.jpg
2023-09-01 17:20:05,723 [ERROR] DbBoards:189 - Image file not found for board STM32WB5MM-DK: C:\ST\STM32CubeIDE_1.4.0\STM32CubeIDE\plugins\com.st.stm32cube.common.mx_6.0.0.202007160824\\db\/plugins/mcufinder/images/boards/STM32WB5MM-DK_small.jpg
2023-09-01 17:20:05,723 [INFO] ApiDb:201 - Load user favorites file C:\Users\Ahmed/.stm32cubemx/favorites.boards.txt: 0 item(s)
2023-09-01 17:20:05,723 [INFO] ApiDb:205 - User favorites Boards=[]
2023-09-01 17:20:05,723 [INFO] DbBoards:206 - Set 0 / 0 favorites Boards
2023-09-01 17:20:05,869 [INFO] DbExamplesSqlite:156 - SQLite db open (C:\Users\Ahmed\.stmcufinder\plugins\mcufinder\mcu\cube-finder-db.db)
2023-09-01 17:20:06,768 [INFO] DbExamplesSqlite:447 - Ignored 0 examples not supported by CubeIDE
2023-09-01 17:20:06,768 [INFO] DbExamplesSqlite:448 - Found 7231 examples active
2023-09-01 17:20:06,768 [INFO] DbExamplesSqlite:449 - Found 677 examples obsolete
2023-09-01 17:20:06,768 [INFO] DbExamplesSqlite:450 - Found 0 examples under development
2023-09-01 17:20:06,768 [INFO] DbExamplesSqlite:451 - Found 74 examples not building
2023-09-01 17:20:06,868 [INFO] DbExamplesSqlite:130 - SQLite Data Model version=2.1
2023-09-01 17:20:06,868 [INFO] DbExamplesSqlite:131 - SQLite Configuration version=3.0.37
2023-09-01 17:20:06,868 [INFO] DbExamplesSqlite:132 - SQLite generation date=2023-08-09 (1691586011)
2023-09-01 17:20:06,868 [INFO] DbExamplesSqlite:133 - SQLite FW Pack versions=[FP-ATR-ASTRA1_V2.0.0, FP-SNS-FLIGHT1_V5.0.1, FP-SNS-FLIGHT1_V5.0.2, FP-SNS-MOTENV1_V4.3.1, FP-SNS-MOTENV1_V4.3.2, STM32Cube_FW_C0_V1.1.0, STM32Cube_FW_F4_V1.27.1, STM32Cube_FW_F7_V1.17.0, STM32Cube_FW_G0_V1.6.1, STM32Cube_FW_G4_V1.5.1, STM32Cube_FW_H5_V0.5.1, STM32Cube_FW_H5_V1.1.0, STM32Cube_FW_H7_V1.11.0, STM32Cube_FW_L0_V1.12.2, STM32Cube_FW_L5_V1.5.0, STM32Cube_FW_U5_V1.3.0, STM32Cube_FW_U5_V1.3.0RC4, STM32Cube_FW_WBA_V1.0.0RC1, STM32Cube_FW_WBA_V1.1.0, STM32Cube_FW_WBA_V1.1.0RC1, STM32Cube_FW_WB_V1.15.0RC1, STM32Cube_FW_WB_V1.16.0, STM32Cube_FW_WB_V1.16.0RC2, STM32Cube_FW_WB_V1.17.0, STM32Cube_FW_WL_V1.3.0, X-CUBE-ALGOBUILD_V1.3.0, X-CUBE-ALS_V1.0.1, X-CUBE-AZRTOS-F4_V1.1.0, X-CUBE-AZRTOS-F7_V1.1.0, X-CUBE-AZRTOS-G0_V1.1.0, X-CUBE-AZRTOS-G4_V2.0.0, X-CUBE-AZRTOS-H7_V3.1.0, X-CUBE-AZRTOS-L4_V1.0.0, X-CUBE-AZRTOS-L4_V2.0.0, X-CUBE-AZRTOS-L5_V1.1.0, X-CUBE-AZRTOS-WB_V1.1.0, X-CUBE-AZRTOS-WL_V2.0.0, X-CUBE-BLE1_V7.0.0, X-CUBE-BLE2_V3.3.0, X-CUBE-BLEMGR_V2.0.0, X-CUBE-EEPRMA1_V4.1.0, X-CUBE-FREERTOS_V1.1.0, X-CUBE-GNSS1_V6.0.0, X-CUBE-MEMS1_V9.1.0, X-CUBE-MEMS1_V9.4.0, X-CUBE-MEMS1_V9.6.0, X-CUBE-NFC4_V3.0.0, X-CUBE-NFC7_V1.0.0, X-CUBE-SFXS2LP1_V4.0.0, X-CUBE-SUBG2_V5.0.0, X-CUBE-TOF1_V3.3.1]
2023-09-01 17:20:06,869 [INFO] DbExamples:123 - Found 7305 examples
2023-09-01 17:20:07,523 [ERROR] DbExamples:199 - Found 7305 examples with invalid data (board or MCU)
2023-09-01 17:20:07,523 [INFO] DbExamples:215 - Found 77 boards with related examples
2023-09-01 17:20:07,523 [INFO] DbExamples:228 - Found 0 MCUs with related examples
2023-09-01 17:20:07,541 [INFO] ApiDb:192 - User favorites file not found: C:\Users\Ahmed/.stm32cubemx/favorites.examples.txt
2023-09-01 17:20:07,541 [INFO] DbExamples:249 - Set 0 / 0 favorites Examples
2023-09-01 17:20:08,011 [INFO] McuFinderGlobals:40 - Set McuFinder mode to 2 (CubeIDE integrated)
2023-09-01 17:20:08,165 [INFO] CrossSelectorPresenter:1330 - Cross Selector saved comparison directory: C:\Users\Ahmed\.stmcufinder\plugins\mcufinder\mcu\cs_comparisons_mx
2023-09-01 17:20:08,171 [INFO] MultiScanPanel:193 - Auto-refresh data requested => check proxy status ongoing
2023-09-01 17:20:08,173 [INFO] FinderPluginLoader:87 - Searching for filters in installed packs
2023-09-01 17:20:09,086 [INFO] ServerAccessManage:348 - Download File 
2023-09-01 17:20:09,211 [INFO] LoadUrlFilesThread:162 - End of LoadServerUrlFiles without Thread
2023-09-01 17:20:09,261 [INFO] DetailPanel:331 - Set advertising image to C:/Users/Ahmed/STM32Cube/Repository/\stm32cubemx-promo_image.jpg
2023-09-01 17:20:09,661 [INFO] McuFilterPanel:245 - Update 0 favorites MCUs
2023-09-01 17:20:35,550 [INFO] RetryExec:97 - I/O exception (org.apache.http.NoHttpResponseException) caught when processing request to {s}->https://download.eclipse.org:443: The target server failed to respond
2023-09-01 17:20:35,554 [INFO] RetryExec:113 - Retrying request to {s}->https://download.eclipse.org:443
2023-09-01 17:20:36,311 [INFO] RetryExec:97 - I/O exception (org.apache.http.NoHttpResponseException) caught when processing request to {s}->https://archive.eclipse.org:443: The target server failed to respond
2023-09-01 17:20:36,311 [INFO] RetryExec:113 - Retrying request to {s}->https://archive.eclipse.org:443
2023-09-01 17:21:16,831 [INFO] ServerAccessManage:348 - Download File 
2023-09-01 17:21:16,913 [INFO] LoadUrlFilesThread:162 - End of LoadServerUrlFiles without Thread
2023-09-01 17:21:16,931 [INFO] McuAction:183 - Block Diagram
2023-09-01 17:21:17,186 [INFO] LoadUrlFilesThread:162 - End of LoadServerUrlFiles without Thread
2023-09-01 17:21:17,187 [INFO] McuAction:183 - Block Diagram
2023-09-01 17:21:25,968 [INFO] McuAction:78 - Docs & Resources
2023-09-01 17:21:29,586 [INFO] McuAction:142 - Datasheet
2023-09-01 17:21:31,748 [ERROR] WebUtils:355 - Updater is busy
2023-09-01 17:21:31,750 [ERROR] McuDetailPanel:624 - No block diagram available for MCU STM32F103C6Tx
2023-09-01 17:21:31,750 [INFO] McuAction:183 - Block Diagram
2023-09-01 17:21:35,056 [ERROR] WebUtils:355 - Updater is busy
2023-09-01 17:21:35,057 [ERROR] McuDetailPanel:624 - No block diagram available for MCU STM32F103C6Ux
2023-09-01 17:21:35,057 [INFO] McuAction:183 - Block Diagram
2023-09-01 17:21:36,848 [INFO] McuAction:78 - Docs & Resources
2023-09-01 17:21:37,855 [ERROR] WebUtils:355 - Updater is busy
2023-09-01 17:21:37,856 [ERROR] McuDetailPanel:624 - No block diagram available for MCU STM32F103C6Ux
2023-09-01 17:21:37,856 [INFO] McuAction:183 - Block Diagram
2023-09-01 17:21:39,318 [INFO] ServerAccessManage:348 - Download File DS5936.pdf
2023-09-01 17:21:39,335 [ERROR] ServerAccessManage:517 - User Cancel Download : DS5936.pdf.
2023-09-01 17:21:39,336 [INFO] LoadUrlFilesThread:135 - End of LoadUrlFiles Thread
2023-09-01 17:21:40,471 [INFO] LoadUrlFilesThread:162 - End of LoadServerUrlFiles without Thread
2023-09-01 17:21:40,472 [INFO] McuAction:183 - Block Diagram
2023-09-01 17:22:46,896 [INFO] LogOutputStream:76 - [STDOUT_REDIRECT] withoutVersionV1.8.4
2023-09-01 17:22:46,896 [INFO] LogOutputStream:76 - [STDOUT_REDIRECT] withoutVersionV1.8.3
2023-09-01 17:22:46,897 [INFO] LogOutputStream:76 - [STDOUT_REDIRECT] withoutVersionV1.8.2
2023-09-01 17:22:46,897 [INFO] LogOutputStream:76 - [STDOUT_REDIRECT] withoutVersionV1.8.1
2023-09-01 17:22:46,898 [INFO] LogOutputStream:76 - [STDOUT_REDIRECT] withoutVersionV1.8.0
2023-09-01 17:22:53,563 [INFO] ApiDb:226 - Save user favorites file C:\Users\Ahmed/.stm32cubeide/favorites.mcus.txt: 0 item(s)
2023-09-01 17:22:53,563 [INFO] ApiDb:230 - User favorites MCUs=[]
